#
# There is insufficient memory for the Java Runtime Environment to continue.
# Native memory allocation (malloc) failed to allocate 32744 bytes. Error detail: Chunk::new
# Possible reasons:
#   The system is out of physical RAM or swap space
#   This process is running with CompressedOops enabled, and the Java Heap may be blocking the growth of the native heap
# Possible solutions:
#   Reduce memory load on the system
#   Increase physical memory or swap space
#   Check if swap backing store is full
#   Decrease Java heap size (-Xmx/-Xms)
#   Decrease number of Java threads
#   Decrease Java thread stack sizes (-Xss)
#   Set larger code cache with -XX:ReservedCodeCacheSize=
#   JVM is running with Unscaled Compressed Oops mode in which the Java heap is
#     placed in the first 4GB address space. The Java Heap base address is the
#     maximum limit for the native heap growth. Please use -XX:HeapBaseMinAddress
#     to set the Java Heap base and to place the Java Heap above 4GB virtual address.
# This output file may be truncated or incomplete.
#
#  Out of Memory Error (arena.cpp:168), pid=10412, tid=9028
#
# JRE version: OpenJDK Runtime Environment Zulu21.36+17-CA (21.0.4+7) (build 21.0.4+7-LTS)
# Java VM: OpenJDK 64-Bit Server VM Zulu21.36+17-CA (21.0.4+7-LTS, mixed mode, sharing, tiered, compressed oops, compressed class ptrs, g1 gc, windows-amd64)
# No core dump will be written. Minidumps are not enabled by default on client versions of Windows
#

---------------  S U M M A R Y ------------

Command Line: -javaagent:D:\IntelliJ IDEA Community Edition 2024.3\lib\idea_rt.jar=8917:D:\IntelliJ IDEA Community Edition 2024.3\bin -Dfile.encoding=UTF-8 -Dsun.stdout.encoding=UTF-8 -Dsun.stderr.encoding=UTF-8 hello.hello_spring.HelloSpringApplication

Host: AMD Ryzen 5 5600U with Radeon Graphics         , 12 cores, 6G,  Windows 11 , 64 bit Build 22621 (10.0.22621.4391)
Time: Fri Nov 15 13:57:46 2024  Windows 11 , 64 bit Build 22621 (10.0.22621.4391) elapsed time: 9.757703 seconds (0d 0h 0m 9s)

---------------  T H R E A D  ---------------

Current thread (0x000001ff98337780):  JavaThread "C2 CompilerThread0" daemon [_thread_in_native, id=9028, stack(0x00000026ceb00000,0x00000026cec00000) (1024K)]


Current CompileTask:
C2:   9757 3934       4       org.springframework.beans.factory.support.AbstractBeanFactory::isTypeMatch (745 bytes)

Stack: [0x00000026ceb00000,0x00000026cec00000]
Native frames: (J=compiled Java code, j=interpreted, Vv=VM code, C=native code)
V  [jvm.dll+0x6d6f99]
V  [jvm.dll+0x8b1f81]
V  [jvm.dll+0x8b42ee]
V  [jvm.dll+0x8b49d3]
V  [jvm.dll+0x286b56]
V  [jvm.dll+0xc5b5d]
V  [jvm.dll+0xc6093]
V  [jvm.dll+0x702b0b]
V  [jvm.dll+0x1e3146]
V  [jvm.dll+0x24b952]
V  [jvm.dll+0x24ade1]
V  [jvm.dll+0x1ca444]
V  [jvm.dll+0x25a529]
V  [jvm.dll+0x258aaa]
V  [jvm.dll+0x3f90b6]
V  [jvm.dll+0x85ade8]
V  [jvm.dll+0x6d56ad]
C  [ucrtbase.dll+0x29333]
C  [KERNEL32.DLL+0x1259d]
C  [ntdll.dll+0x5af38]


---------------  P R O C E S S  ---------------

Threads class SMR info:
_java_thread_list=0x000001ffdf13b590, length=27, elements={
0x000001ff98327380, 0x000001ff983282a0, 0x000001ff9832ba30, 0x000001ff9832c690,
0x000001ff9832f9d0, 0x000001ff98334200, 0x000001ff98337780, 0x000001ff98338c20,
0x000001ff982f3d70, 0x000001ff9877c570, 0x000001ff9882e670, 0x000001ffe0080700,
0x000001ffdf986360, 0x000001ffe0625c60, 0x000001ffe02bf0d0, 0x000001ffe0fd8010,
0x000001ffdff7ffd0, 0x000001ffdfa3ff20, 0x000001ffdfa405b0, 0x000001ffdfa40c40,
0x000001ffdfa412d0, 0x000001ffdfa41ff0, 0x000001ffdfa41960, 0x000001ffdfa42680,
0x000001ffdfa42d10, 0x000001ffdfa433a0, 0x000001ffdee98310
}

Java Threads: ( => current thread )
  0x000001ff98327380 JavaThread "Reference Handler"          daemon [_thread_blocked, id=14984, stack(0x00000026ce500000,0x00000026ce600000) (1024K)]
  0x000001ff983282a0 JavaThread "Finalizer"                  daemon [_thread_blocked, id=26120, stack(0x00000026ce600000,0x00000026ce700000) (1024K)]
  0x000001ff9832ba30 JavaThread "Signal Dispatcher"          daemon [_thread_blocked, id=12936, stack(0x00000026ce700000,0x00000026ce800000) (1024K)]
  0x000001ff9832c690 JavaThread "Attach Listener"            daemon [_thread_blocked, id=9768, stack(0x00000026ce800000,0x00000026ce900000) (1024K)]
  0x000001ff9832f9d0 JavaThread "Service Thread"             daemon [_thread_blocked, id=12452, stack(0x00000026ce900000,0x00000026cea00000) (1024K)]
  0x000001ff98334200 JavaThread "Monitor Deflation Thread"   daemon [_thread_blocked, id=9440, stack(0x00000026cea00000,0x00000026ceb00000) (1024K)]
=>0x000001ff98337780 JavaThread "C2 CompilerThread0"         daemon [_thread_in_native, id=9028, stack(0x00000026ceb00000,0x00000026cec00000) (1024K)]
  0x000001ff98338c20 JavaThread "C1 CompilerThread0"         daemon [_thread_blocked, id=11028, stack(0x00000026cec00000,0x00000026ced00000) (1024K)]
  0x000001ff982f3d70 JavaThread "Common-Cleaner"             daemon [_thread_blocked, id=28608, stack(0x00000026ced00000,0x00000026cee00000) (1024K)]
  0x000001ff9877c570 JavaThread "Monitor Ctrl-Break"         daemon [_thread_in_native, id=28128, stack(0x00000026cef00000,0x00000026cf000000) (1024K)]
  0x000001ff9882e670 JavaThread "Notification Thread"        daemon [_thread_blocked, id=20784, stack(0x00000026cf000000,0x00000026cf100000) (1024K)]
  0x000001ffe0080700 JavaThread "Catalina-utility-1"                [_thread_blocked, id=23120, stack(0x00000026cfc00000,0x00000026cfd00000) (1024K)]
  0x000001ffdf986360 JavaThread "Catalina-utility-2"                [_thread_blocked, id=28220, stack(0x00000026cfd00000,0x00000026cfe00000) (1024K)]
  0x000001ffe0625c60 JavaThread "container-0"                       [_thread_blocked, id=25584, stack(0x00000026cfe00000,0x00000026cff00000) (1024K)]
  0x000001ffe02bf0d0 JavaThread "http-nio-8080-exec-1"       daemon [_thread_blocked, id=14044, stack(0x00000026cff00000,0x00000026d0000000) (1024K)]
  0x000001ffe0fd8010 JavaThread "http-nio-8080-exec-2"       daemon [_thread_blocked, id=26620, stack(0x00000026d0000000,0x00000026d0100000) (1024K)]
  0x000001ffdff7ffd0 JavaThread "http-nio-8080-exec-3"       daemon [_thread_blocked, id=15776, stack(0x00000026d0100000,0x00000026d0200000) (1024K)]
  0x000001ffdfa3ff20 JavaThread "http-nio-8080-exec-4"       daemon [_thread_blocked, id=27296, stack(0x00000026d0200000,0x00000026d0300000) (1024K)]
  0x000001ffdfa405b0 JavaThread "http-nio-8080-exec-5"       daemon [_thread_blocked, id=23464, stack(0x00000026d0300000,0x00000026d0400000) (1024K)]
  0x000001ffdfa40c40 JavaThread "http-nio-8080-exec-6"       daemon [_thread_blocked, id=1884, stack(0x00000026d0400000,0x00000026d0500000) (1024K)]
  0x000001ffdfa412d0 JavaThread "http-nio-8080-exec-7"       daemon [_thread_blocked, id=14448, stack(0x00000026d0500000,0x00000026d0600000) (1024K)]
  0x000001ffdfa41ff0 JavaThread "http-nio-8080-exec-8"       daemon [_thread_blocked, id=8160, stack(0x00000026d0600000,0x00000026d0700000) (1024K)]
  0x000001ffdfa41960 JavaThread "http-nio-8080-exec-9"       daemon [_thread_blocked, id=6772, stack(0x00000026d0700000,0x00000026d0800000) (1024K)]
  0x000001ffdfa42680 JavaThread "http-nio-8080-exec-10"      daemon [_thread_blocked, id=25884, stack(0x00000026d0800000,0x00000026d0900000) (1024K)]
  0x000001ffdfa42d10 JavaThread "http-nio-8080-Poller"       daemon [_thread_in_native, id=20172, stack(0x00000026d0900000,0x00000026d0a00000) (1024K)]
  0x000001ffdfa433a0 JavaThread "http-nio-8080-Acceptor"     daemon [_thread_in_native, id=26916, stack(0x00000026d0a00000,0x00000026d0b00000) (1024K)]
  0x000001ffdee98310 JavaThread "DestroyJavaVM"                     [_thread_blocked, id=21984, stack(0x00000026cdd00000,0x00000026cde00000) (1024K)]
Total: 27

Other Threads:
  0x000001ff9830add0 VMThread "VM Thread"                           [id=2288, stack(0x00000026ce400000,0x00000026ce500000) (1024K)]
  0x000001ff982f3270 WatcherThread "VM Periodic Task Thread"        [id=19220, stack(0x00000026ce300000,0x00000026ce400000) (1024K)]
  0x000001fffb716110 WorkerThread "GC Thread#0"                     [id=21020, stack(0x00000026cde00000,0x00000026cdf00000) (1024K)]
  0x000001ffdea05a20 WorkerThread "GC Thread#1"                     [id=21656, stack(0x00000026cf100000,0x00000026cf200000) (1024K)]
  0x000001ffde97ddb0 WorkerThread "GC Thread#2"                     [id=23852, stack(0x00000026cf200000,0x00000026cf300000) (1024K)]
  0x000001ffdea05dd0 WorkerThread "GC Thread#3"                     [id=25540, stack(0x00000026cf300000,0x00000026cf400000) (1024K)]
  0x000001ffde7ba1d0 WorkerThread "GC Thread#4"                     [id=10892, stack(0x00000026cf400000,0x00000026cf500000) (1024K)]
  0x000001ffde7ba580 WorkerThread "GC Thread#5"                     [id=28316, stack(0x00000026cf500000,0x00000026cf600000) (1024K)]
  0x000001ffdefb5890 WorkerThread "GC Thread#6"                     [id=9344, stack(0x00000026cf700000,0x00000026cf800000) (1024K)]
  0x000001ffdefb6750 WorkerThread "GC Thread#7"                     [id=2488, stack(0x00000026cf800000,0x00000026cf900000) (1024K)]
  0x000001ffdefb4d80 WorkerThread "GC Thread#8"                     [id=26056, stack(0x00000026cf900000,0x00000026cfa00000) (1024K)]
  0x000001ffdefb5c40 WorkerThread "GC Thread#9"                     [id=19144, stack(0x00000026cfa00000,0x00000026cfb00000) (1024K)]
  0x000001fff94dd640 ConcurrentGCThread "G1 Main Marker"            [id=26228, stack(0x00000026cdf00000,0x00000026ce000000) (1024K)]
  0x000001fff94de8f0 WorkerThread "G1 Conc#0"                       [id=22244, stack(0x00000026ce000000,0x00000026ce100000) (1024K)]
  0x000001ffdf9aa3c0 WorkerThread "G1 Conc#1"                       [id=27728, stack(0x00000026cf600000,0x00000026cf700000) (1024K)]
  0x000001ffdf9aaed0 WorkerThread "G1 Conc#2"                       [id=26956, stack(0x00000026cfb00000,0x00000026cfc00000) (1024K)]
  0x000001fffb77e430 ConcurrentGCThread "G1 Refine#0"               [id=17752, stack(0x00000026ce100000,0x00000026ce200000) (1024K)]
  0x000001ff981c3180 ConcurrentGCThread "G1 Service"                [id=6776, stack(0x00000026ce200000,0x00000026ce300000) (1024K)]
Total: 18

Threads with active compile tasks:
C2 CompilerThread0     9816 3934       4       org.springframework.beans.factory.support.AbstractBeanFactory::isTypeMatch (745 bytes)
Total: 1

VM state: not at safepoint (normal execution)

VM Mutex/Monitor currently owned by a thread: None

Heap address: 0x0000000092c00000, size: 1748 MB, Compressed Oops mode: 32-bit

CDS archive(s) mapped at: [0x000001ff99000000-0x000001ff99cf0000-0x000001ff99cf0000), size 13565952, SharedBaseAddress: 0x000001ff99000000, ArchiveRelocationMode: 1.
Compressed class space mapped at: 0x000001ff9a000000-0x000001ffda000000, reserved size: 1073741824
Narrow klass base: 0x000001ff99000000, Narrow klass shift: 0, Narrow klass range: 0x100000000

GC Precious Log:
 CardTable entry size: 512
 Card Set container configuration: InlinePtr #cards 5 size 8 Array Of Cards #cards 12 size 40 Howl #buckets 4 coarsen threshold 1843 Howl Bitmap #cards 512 size 80 coarsen threshold 460 Card regions per heap region 1 cards per card region 2048
 CPUs: 12 total, 12 available
 Memory: 6990M
 Large Page Support: Disabled
 NUMA Support: Disabled
 Compressed Oops: Enabled (32-bit)
 Heap Region Size: 1M
 Heap Min Capacity: 8M
 Heap Initial Capacity: 110M
 Heap Max Capacity: 1748M
 Pre-touch: Disabled
 Parallel Workers: 10
 Concurrent Workers: 3
 Concurrent Refinement Workers: 10
 Periodic GC: Disabled

Heap:
 garbage-first heap   total 46080K, used 14574K [0x0000000092c00000, 0x0000000100000000)
  region size 1024K, 5 young (5120K), 3 survivors (3072K)
 Metaspace       used 31078K, committed 31680K, reserved 1114112K
  class space    used 3785K, committed 4032K, reserved 1048576K

Heap Regions: E=young(eden), S=young(survivor), O=old, HS=humongous(starts), HC=humongous(continues), CS=collection set, F=free, TAMS=top-at-mark-start, PB=parsable bottom
|   0|0x0000000092c00000, 0x0000000092d00000, 0x0000000092d00000|100%| O|  |TAMS 0x0000000092c00000| PB 0x0000000092c00000| Untracked 
|   1|0x0000000092d00000, 0x0000000092e00000, 0x0000000092e00000|100%| O|  |TAMS 0x0000000092d00000| PB 0x0000000092d00000| Untracked 
|   2|0x0000000092e00000, 0x0000000092f00000, 0x0000000092f00000|100%| O|  |TAMS 0x0000000092e00000| PB 0x0000000092e00000| Untracked 
|   3|0x0000000092f00000, 0x0000000093000000, 0x0000000093000000|100%| O|  |TAMS 0x0000000092f00000| PB 0x0000000092f00000| Untracked 
|   4|0x0000000093000000, 0x0000000093000000, 0x0000000093100000|  0%| F|  |TAMS 0x0000000093000000| PB 0x0000000093000000| Untracked 
|   5|0x0000000093100000, 0x0000000093200000, 0x0000000093200000|100%| O|  |TAMS 0x0000000093100000| PB 0x0000000093100000| Untracked 
|   6|0x0000000093200000, 0x0000000093300000, 0x0000000093300000|100%| O|  |TAMS 0x0000000093200000| PB 0x0000000093200000| Untracked 
|   7|0x0000000093300000, 0x0000000093400000, 0x0000000093400000|100%| O|  |TAMS 0x0000000093300000| PB 0x0000000093300000| Untracked 
|   8|0x0000000093400000, 0x0000000093500000, 0x0000000093500000|100%| O|  |TAMS 0x0000000093400000| PB 0x0000000093400000| Untracked 
|   9|0x0000000093500000, 0x0000000093600000, 0x0000000093600000|100%| O|  |TAMS 0x0000000093500000| PB 0x0000000093500000| Untracked 
|  10|0x0000000093600000, 0x00000000936f97e0, 0x0000000093700000| 97%| O|  |TAMS 0x0000000093600000| PB 0x0000000093600000| Untracked 
|  11|0x0000000093700000, 0x0000000093700000, 0x0000000093800000|  0%| F|  |TAMS 0x0000000093700000| PB 0x0000000093700000| Untracked 
|  12|0x0000000093800000, 0x0000000093800000, 0x0000000093900000|  0%| F|  |TAMS 0x0000000093800000| PB 0x0000000093800000| Untracked 
|  13|0x0000000093900000, 0x0000000093942090, 0x0000000093a00000| 25%| S|CS|TAMS 0x0000000093900000| PB 0x0000000093900000| Complete 
|  14|0x0000000093a00000, 0x0000000093b00000, 0x0000000093b00000|100%| S|CS|TAMS 0x0000000093a00000| PB 0x0000000093a00000| Complete 
|  15|0x0000000093b00000, 0x0000000093c00000, 0x0000000093c00000|100%| S|CS|TAMS 0x0000000093b00000| PB 0x0000000093b00000| Complete 
|  16|0x0000000093c00000, 0x0000000093c00000, 0x0000000093d00000|  0%| F|  |TAMS 0x0000000093c00000| PB 0x0000000093c00000| Untracked 
|  17|0x0000000093d00000, 0x0000000093d00000, 0x0000000093e00000|  0%| F|  |TAMS 0x0000000093d00000| PB 0x0000000093d00000| Untracked 
|  18|0x0000000093e00000, 0x0000000093e00000, 0x0000000093f00000|  0%| F|  |TAMS 0x0000000093e00000| PB 0x0000000093e00000| Untracked 
|  19|0x0000000093f00000, 0x0000000093f00000, 0x0000000094000000|  0%| F|  |TAMS 0x0000000093f00000| PB 0x0000000093f00000| Untracked 
|  20|0x0000000094000000, 0x0000000094000000, 0x0000000094100000|  0%| F|  |TAMS 0x0000000094000000| PB 0x0000000094000000| Untracked 
|  21|0x0000000094100000, 0x0000000094100000, 0x0000000094200000|  0%| F|  |TAMS 0x0000000094100000| PB 0x0000000094100000| Untracked 
|  22|0x0000000094200000, 0x0000000094200000, 0x0000000094300000|  0%| F|  |TAMS 0x0000000094200000| PB 0x0000000094200000| Untracked 
|  23|0x0000000094300000, 0x0000000094300000, 0x0000000094400000|  0%| F|  |TAMS 0x0000000094300000| PB 0x0000000094300000| Untracked 
|  24|0x0000000094400000, 0x0000000094400000, 0x0000000094500000|  0%| F|  |TAMS 0x0000000094400000| PB 0x0000000094400000| Untracked 
|  25|0x0000000094500000, 0x0000000094500000, 0x0000000094600000|  0%| F|  |TAMS 0x0000000094500000| PB 0x0000000094500000| Untracked 
|  26|0x0000000094600000, 0x0000000094600000, 0x0000000094700000|  0%| F|  |TAMS 0x0000000094600000| PB 0x0000000094600000| Untracked 
|  27|0x0000000094700000, 0x0000000094700000, 0x0000000094800000|  0%| F|  |TAMS 0x0000000094700000| PB 0x0000000094700000| Untracked 
|  28|0x0000000094800000, 0x0000000094800000, 0x0000000094900000|  0%| F|  |TAMS 0x0000000094800000| PB 0x0000000094800000| Untracked 
|  29|0x0000000094900000, 0x0000000094900000, 0x0000000094a00000|  0%| F|  |TAMS 0x0000000094900000| PB 0x0000000094900000| Untracked 
|  30|0x0000000094a00000, 0x0000000094a00000, 0x0000000094b00000|  0%| F|  |TAMS 0x0000000094a00000| PB 0x0000000094a00000| Untracked 
|  31|0x0000000094b00000, 0x0000000094b00000, 0x0000000094c00000|  0%| F|  |TAMS 0x0000000094b00000| PB 0x0000000094b00000| Untracked 
|  32|0x0000000094c00000, 0x0000000094c00000, 0x0000000094d00000|  0%| F|  |TAMS 0x0000000094c00000| PB 0x0000000094c00000| Untracked 
|  33|0x0000000094d00000, 0x0000000094d00000, 0x0000000094e00000|  0%| F|  |TAMS 0x0000000094d00000| PB 0x0000000094d00000| Untracked 
|  34|0x0000000094e00000, 0x0000000094e00000, 0x0000000094f00000|  0%| F|  |TAMS 0x0000000094e00000| PB 0x0000000094e00000| Untracked 
|  35|0x0000000094f00000, 0x0000000094f00000, 0x0000000095000000|  0%| F|  |TAMS 0x0000000094f00000| PB 0x0000000094f00000| Untracked 
|  64|0x0000000096c00000, 0x0000000096c00000, 0x0000000096d00000|  0%| F|  |TAMS 0x0000000096c00000| PB 0x0000000096c00000| Untracked 
|  65|0x0000000096d00000, 0x0000000096d00000, 0x0000000096e00000|  0%| F|  |TAMS 0x0000000096d00000| PB 0x0000000096d00000| Untracked 
|  66|0x0000000096e00000, 0x0000000096e00000, 0x0000000096f00000|  0%| F|  |TAMS 0x0000000096e00000| PB 0x0000000096e00000| Untracked 
|  67|0x0000000096f00000, 0x0000000096f00000, 0x0000000097000000|  0%| F|  |TAMS 0x0000000096f00000| PB 0x0000000096f00000| Untracked 
|  68|0x0000000097000000, 0x0000000097000000, 0x0000000097100000|  0%| F|  |TAMS 0x0000000097000000| PB 0x0000000097000000| Untracked 
|  69|0x0000000097100000, 0x000000009716dee0, 0x0000000097200000| 42%| E|  |TAMS 0x0000000097100000| PB 0x0000000097100000| Complete 
| 109|0x0000000099900000, 0x0000000099a00000, 0x0000000099a00000|100%| E|  |TAMS 0x0000000099900000| PB 0x0000000099900000| Complete 
|1746|0x00000000ffe00000, 0x00000000fff00000, 0x00000000fff00000|100%| O|  |TAMS 0x00000000ffe00000| PB 0x00000000ffe00000| Untracked 
|1747|0x00000000fff00000, 0x0000000100000000, 0x0000000100000000|100%| O|  |TAMS 0x00000000fff00000| PB 0x00000000fff00000| Untracked 

Card table byte_map: [0x000001fffc040000,0x000001fffc3b0000] _byte_map_base: 0x000001fffbbaa000

Marking Bits: (CMBitMap*) 0x000001fffb716820
 Bits: [0x000001fffc3b0000, 0x000001fffdf00000)

Polling page: 0x000001fff95e0000

Metaspace:

Usage:
  Non-class:     26.65 MB used.
      Class:      3.70 MB used.
       Both:     30.35 MB used.

Virtual space:
  Non-class space:       64.00 MB reserved,      27.00 MB ( 42%) committed,  1 nodes.
      Class space:        1.00 GB reserved,       3.94 MB ( <1%) committed,  1 nodes.
             Both:        1.06 GB reserved,      30.94 MB (  3%) committed. 

Chunk freelists:
   Non-Class:  5.05 MB
       Class:  11.97 MB
        Both:  17.01 MB

MaxMetaspaceSize: unlimited
CompressedClassSpaceSize: 1.00 GB
Initial GC threshold: 21.00 MB
Current GC threshold: 35.12 MB
CDS: on
 - commit_granule_bytes: 65536.
 - commit_granule_words: 8192.
 - virtual_space_node_default_size: 8388608.
 - enlarge_chunks_in_place: 1.
 - use_allocation_guard: 0.


Internal statistics:

num_allocs_failed_limit: 3.
num_arena_births: 740.
num_arena_deaths: 0.
num_vsnodes_births: 2.
num_vsnodes_deaths: 0.
num_space_committed: 495.
num_space_uncommitted: 0.
num_chunks_returned_to_freelist: 3.
num_chunks_taken_from_freelist: 1897.
num_chunk_merges: 3.
num_chunk_splits: 1264.
num_chunks_enlarged: 842.
num_inconsistent_stats: 0.

CodeHeap 'non-profiled nmethods': size=120000Kb used=2076Kb max_used=2076Kb free=117923Kb
 bounds [0x000001ff901a0000, 0x000001ff90410000, 0x000001ff976d0000]
CodeHeap 'profiled nmethods': size=120000Kb used=7789Kb max_used=7789Kb free=112211Kb
 bounds [0x000001ff886d0000, 0x000001ff88e70000, 0x000001ff8fc00000]
CodeHeap 'non-nmethods': size=5760Kb used=1494Kb max_used=1531Kb free=4265Kb
 bounds [0x000001ff8fc00000, 0x000001ff8fe70000, 0x000001ff901a0000]
 total_blobs=4518 nmethods=3948 adapters=474
 compilation: enabled
              stopped_count=0, restarted_count=0
 full_count=0

Compilation events (20 events):
Event: 9.382 Thread 0x000001ff98338c20 3940       1       java.lang.invoke.MethodHandle::isVarargsCollector (2 bytes)
Event: 9.382 Thread 0x000001ff98338c20 nmethod 3940 0x000001ff903a2a90 code [0x000001ff903a2c20, 0x000001ff903a2ce8]
Event: 9.389 Thread 0x000001ff98338c20 3943       3       sun.net.www.protocol.file.FileURLConnection::<init> (38 bytes)
Event: 9.390 Thread 0x000001ff98338c20 nmethod 3943 0x000001ff88e67c90 code [0x000001ff88e67e60, 0x000001ff88e68258]
Event: 9.390 Thread 0x000001ff98338c20 3944       3       sun.net.www.URLConnection::<init> (22 bytes)
Event: 9.390 Thread 0x000001ff98338c20 nmethod 3944 0x000001ff88e68410 code [0x000001ff88e685e0, 0x000001ff88e688f0]
Event: 9.390 Thread 0x000001ff98338c20 3945       3       sun.net.www.MessageHeader::<init> (9 bytes)
Event: 9.390 Thread 0x000001ff98338c20 nmethod 3945 0x000001ff88e68a10 code [0x000001ff88e68bc0, 0x000001ff88e68d58]
Event: 9.390 Thread 0x000001ff98338c20 3946       3       sun.net.www.MessageHeader::grow (92 bytes)
Event: 9.390 Thread 0x000001ff98338c20 nmethod 3946 0x000001ff88e68e10 code [0x000001ff88e68fe0, 0x000001ff88e69560]
Event: 9.395 Thread 0x000001ff98337780 nmethod 3929 0x000001ff903a3690 code [0x000001ff903a38a0, 0x000001ff903a4680]
Event: 9.395 Thread 0x000001ff98337780 3947       4       java.util.Properties$LineReader::readLine (584 bytes)
Event: 9.396 Thread 0x000001ff98338c20 3952       3       org.apache.tomcat.util.buf.ByteChunk::equalsIgnoreCase (76 bytes)
Event: 9.397 Thread 0x000001ff98338c20 nmethod 3952 0x000001ff88e69690 code [0x000001ff88e698e0, 0x000001ff88e6a288]
Event: 9.397 Thread 0x000001ff98338c20 3951       3       org.apache.tomcat.util.buf.MessageBytes::equalsIgnoreCase (78 bytes)
Event: 9.397 Thread 0x000001ff98338c20 nmethod 3951 0x000001ff88e6a690 code [0x000001ff88e6a880, 0x000001ff88e6ac08]
Event: 9.403 Thread 0x000001ff98338c20 3953       3       jdk.internal.misc.Unsafe::checkPointer (19 bytes)
Event: 9.404 Thread 0x000001ff98338c20 nmethod 3953 0x000001ff88e6ad10 code [0x000001ff88e6aee0, 0x000001ff88e6b270]
Event: 9.428 Thread 0x000001ff98337780 nmethod 3947 0x000001ff903a4c10 code [0x000001ff903a4ee0, 0x000001ff903a6590]
Event: 9.428 Thread 0x000001ff98337780 3934       4       org.springframework.beans.factory.support.AbstractBeanFactory::isTypeMatch (745 bytes)

GC Heap History (10 events):
Event: 1.254 GC heap before
{Heap before GC invocations=0 (full 0):
 garbage-first heap   total 112640K, used 23552K [0x0000000092c00000, 0x0000000100000000)
  region size 1024K, 23 young (23552K), 0 survivors (0K)
 Metaspace       used 7072K, committed 7232K, reserved 1114112K
  class space    used 808K, committed 896K, reserved 1048576K
}
Event: 1.264 GC heap after
{Heap after GC invocations=1 (full 0):
 garbage-first heap   total 112640K, used 4729K [0x0000000092c00000, 0x0000000100000000)
  region size 1024K, 3 young (3072K), 3 survivors (3072K)
 Metaspace       used 7072K, committed 7232K, reserved 1114112K
  class space    used 808K, committed 896K, reserved 1048576K
}
Event: 1.857 GC heap before
{Heap before GC invocations=1 (full 0):
 garbage-first heap   total 112640K, used 33401K [0x0000000092c00000, 0x0000000100000000)
  region size 1024K, 32 young (32768K), 3 survivors (3072K)
 Metaspace       used 14461K, committed 14720K, reserved 1114112K
  class space    used 1681K, committed 1792K, reserved 1048576K
}
Event: 1.864 GC heap after
{Heap after GC invocations=2 (full 0):
 garbage-first heap   total 112640K, used 7189K [0x0000000092c00000, 0x0000000100000000)
  region size 1024K, 3 young (3072K), 3 survivors (3072K)
 Metaspace       used 14461K, committed 14720K, reserved 1114112K
  class space    used 1681K, committed 1792K, reserved 1048576K
}
Event: 2.845 GC heap before
{Heap before GC invocations=2 (full 0):
 garbage-first heap   total 112640K, used 44053K [0x0000000092c00000, 0x0000000100000000)
  region size 1024K, 40 young (40960K), 3 survivors (3072K)
 Metaspace       used 21108K, committed 21504K, reserved 1114112K
  class space    used 2496K, committed 2688K, reserved 1048576K
}
Event: 2.852 GC heap after
{Heap after GC invocations=3 (full 0):
 garbage-first heap   total 112640K, used 10477K [0x0000000092c00000, 0x0000000100000000)
  region size 1024K, 6 young (6144K), 6 survivors (6144K)
 Metaspace       used 21108K, committed 21504K, reserved 1114112K
  class space    used 2496K, committed 2688K, reserved 1048576K
}
Event: 3.524 GC heap before
{Heap before GC invocations=4 (full 0):
 garbage-first heap   total 37888K, used 37101K [0x0000000092c00000, 0x0000000100000000)
  region size 1024K, 32 young (32768K), 6 survivors (6144K)
 Metaspace       used 26567K, committed 27136K, reserved 1114112K
  class space    used 3216K, committed 3456K, reserved 1048576K
}
Event: 3.532 GC heap after
{Heap after GC invocations=5 (full 0):
 garbage-first heap   total 46080K, used 12822K [0x0000000092c00000, 0x0000000100000000)
  region size 1024K, 6 young (6144K), 6 survivors (6144K)
 Metaspace       used 26567K, committed 27136K, reserved 1114112K
  class space    used 3216K, committed 3456K, reserved 1048576K
}
Event: 9.358 GC heap before
{Heap before GC invocations=5 (full 0):
 garbage-first heap   total 46080K, used 33302K [0x0000000092c00000, 0x0000000100000000)
  region size 1024K, 27 young (27648K), 6 survivors (6144K)
 Metaspace       used 30710K, committed 31232K, reserved 1114112K
  class space    used 3737K, committed 3968K, reserved 1048576K
}
Event: 9.364 GC heap after
{Heap after GC invocations=6 (full 0):
 garbage-first heap   total 46080K, used 14574K [0x0000000092c00000, 0x0000000100000000)
  region size 1024K, 3 young (3072K), 3 survivors (3072K)
 Metaspace       used 30710K, committed 31232K, reserved 1114112K
  class space    used 3737K, committed 3968K, reserved 1048576K
}

Dll operation events (13 events):
Event: 0.021 Loaded shared library C:\Program Files\Zulu\zulu-21\bin\java.dll
Event: 0.081 Loaded shared library C:\Program Files\Zulu\zulu-21\bin\jsvml.dll
Event: 0.234 Loaded shared library C:\Program Files\Zulu\zulu-21\bin\zip.dll
Event: 0.250 Loaded shared library C:\Program Files\Zulu\zulu-21\bin\instrument.dll
Event: 0.268 Loaded shared library C:\Program Files\Zulu\zulu-21\bin\net.dll
Event: 0.275 Loaded shared library C:\Program Files\Zulu\zulu-21\bin\nio.dll
Event: 0.284 Loaded shared library C:\Program Files\Zulu\zulu-21\bin\zip.dll
Event: 0.400 Loaded shared library D:\IntelliJ IDEA Community Edition 2024.3\bin\breakgen64.dll
Event: 0.418 Loaded shared library C:\Program Files\Zulu\zulu-21\bin\extnet.dll
Event: 0.480 Loaded shared library C:\Program Files\Zulu\zulu-21\bin\jimage.dll
Event: 2.061 Loaded shared library C:\Program Files\Zulu\zulu-21\bin\sunmscapi.dll
Event: 3.349 Loaded shared library C:\Program Files\Zulu\zulu-21\bin\management.dll
Event: 3.351 Loaded shared library C:\Program Files\Zulu\zulu-21\bin\management_ext.dll

Deoptimization events (20 events):
Event: 3.813 Thread 0x000001fffb6c69f0 Uncommon trap: trap_request=0xffffff45 fr.pc=0x000001ff9031c550 relative=0x0000000000000890
Event: 3.813 Thread 0x000001fffb6c69f0 Uncommon trap: reason=unstable_if action=reinterpret pc=0x000001ff9031c550 method=org.springframework.beans.factory.support.DefaultSingletonBeanRegistry.getSingleton(Ljava/lang/String;Z)Ljava/lang/Object; @ 39 c2
Event: 3.813 Thread 0x000001fffb6c69f0 DEOPT PACKING pc=0x000001ff9031c550 sp=0x00000026cddfe090
Event: 3.813 Thread 0x000001fffb6c69f0 DEOPT UNPACKING pc=0x000001ff8fc546a2 sp=0x00000026cddfe018 mode 2
Event: 3.896 Thread 0x000001fffb6c69f0 Uncommon trap: trap_request=0xffffff45 fr.pc=0x000001ff90212b0c relative=0x000000000000006c
Event: 3.896 Thread 0x000001fffb6c69f0 Uncommon trap: reason=unstable_if action=reinterpret pc=0x000001ff90212b0c method=org.springframework.util.ConcurrentReferenceHashMap$Segment.clear()V @ 7 c2
Event: 3.896 Thread 0x000001fffb6c69f0 DEOPT PACKING pc=0x000001ff90212b0c sp=0x00000026cddfeef0
Event: 3.896 Thread 0x000001fffb6c69f0 DEOPT UNPACKING pc=0x000001ff8fc546a2 sp=0x00000026cddfee80 mode 2
Event: 3.917 Thread 0x000001fffb6c69f0 Uncommon trap: trap_request=0xffffff45 fr.pc=0x000001ff9034ea00 relative=0x00000000000005a0
Event: 3.917 Thread 0x000001fffb6c69f0 Uncommon trap: reason=unstable_if action=reinterpret pc=0x000001ff9034ea00 method=java.lang.Integer.stringSize(I)I @ 19 c2
Event: 3.917 Thread 0x000001fffb6c69f0 DEOPT PACKING pc=0x000001ff9034ea00 sp=0x00000026cddfe170
Event: 3.917 Thread 0x000001fffb6c69f0 DEOPT UNPACKING pc=0x000001ff8fc546a2 sp=0x00000026cddfe0a8 mode 2
Event: 9.401 Thread 0x000001ffe02bf0d0 Uncommon trap: trap_request=0xffffff45 fr.pc=0x000001ff90272a04 relative=0x00000000000000e4
Event: 9.401 Thread 0x000001ffe02bf0d0 Uncommon trap: reason=unstable_if action=reinterpret pc=0x000001ff90272a04 method=java.lang.CharacterDataLatin1.digit(II)I @ 7 c2
Event: 9.401 Thread 0x000001ffe02bf0d0 DEOPT PACKING pc=0x000001ff90272a04 sp=0x00000026cfffbdd0
Event: 9.401 Thread 0x000001ffe02bf0d0 DEOPT UNPACKING pc=0x000001ff8fc546a2 sp=0x00000026cfffbc90 mode 2
Event: 9.401 Thread 0x000001ffe02bf0d0 Uncommon trap: trap_request=0xffffff45 fr.pc=0x000001ff902725c8 relative=0x00000000000000a8
Event: 9.401 Thread 0x000001ffe02bf0d0 Uncommon trap: reason=unstable_if action=reinterpret pc=0x000001ff902725c8 method=java.lang.CharacterDataLatin1.digit(II)I @ 7 c2
Event: 9.401 Thread 0x000001ffe02bf0d0 DEOPT PACKING pc=0x000001ff902725c8 sp=0x00000026cfffbd20
Event: 9.401 Thread 0x000001ffe02bf0d0 DEOPT UNPACKING pc=0x000001ff8fc546a2 sp=0x00000026cfffbca0 mode 2

Classes loaded (20 events):
Event: 9.314 Loading class sun/nio/cs/ThreadLocalCoders$Cache done
Event: 9.314 Loading class sun/nio/cs/ThreadLocalCoders$1 done
Event: 9.314 Loading class sun/nio/cs/ThreadLocalCoders$2
Event: 9.314 Loading class sun/nio/cs/ThreadLocalCoders$2 done
Event: 9.391 Loading class java/util/stream/ReferencePipeline$4
Event: 9.391 Loading class java/util/stream/ReferencePipeline$4 done
Event: 9.391 Loading class java/util/function/IntBinaryOperator
Event: 9.392 Loading class java/util/function/IntBinaryOperator done
Event: 9.392 Loading class java/util/stream/ReduceOps$7
Event: 9.392 Loading class java/util/stream/ReduceOps$7 done
Event: 9.392 Loading class java/util/stream/ReduceOps$6ReducingSink
Event: 9.392 Loading class java/util/stream/ReduceOps$6ReducingSink done
Event: 9.392 Loading class java/util/stream/ReferencePipeline$4$1
Event: 9.392 Loading class java/util/stream/ReferencePipeline$4$1 done
Event: 9.395 Loading class java/util/ArrayList$SubList$2
Event: 9.395 Loading class java/util/ArrayList$SubList$2 done
Event: 9.400 Loading class java/text/ParsePosition
Event: 9.400 Loading class java/text/ParsePosition done
Event: 9.400 Loading class java/text/CalendarBuilder
Event: 9.400 Loading class java/text/CalendarBuilder done

Classes unloaded (0 events):
No events

Classes redefined (0 events):
No events

Internal exceptions (20 events):
Event: 3.070 Thread 0x000001fffb6c69f0 Exception <a 'java/lang/NoSuchMethodError'{0x000000009423d8d8}: 'java.lang.Object java.lang.invoke.DirectMethodHandle$Holder.invokeSpecial(java.lang.Object, java.lang.Object, java.lang.Object, java.lang.Object, int)'> (0x000000009423d8d8) 
thrown [s\src\hotspot\share\interpreter\linkResolver.cpp, line 773]
Event: 3.070 Thread 0x000001fffb6c69f0 Exception <a 'java/lang/NoSuchMethodError'{0x0000000094240d70}: 'java.lang.Object java.lang.invoke.Invokers$Holder.linkToTargetMethod(java.lang.Object, java.lang.Object, int, java.lang.Object)'> (0x0000000094240d70) 
thrown [s\src\hotspot\share\interpreter\linkResolver.cpp, line 773]
Event: 3.149 Thread 0x000001fffb6c69f0 Exception <a 'java/lang/NoSuchMethodError'{0x0000000093fae650}: 'java.lang.Object java.lang.invoke.DirectMethodHandle$Holder.invokeStaticInit(java.lang.Object, int, int, int, int)'> (0x0000000093fae650) 
thrown [s\src\hotspot\share\interpreter\linkResolver.cpp, line 773]
Event: 3.172 Thread 0x000001fffb6c69f0 Exception <a 'java/lang/NoSuchMethodError'{0x0000000093fe4c80}: 'java.lang.Object java.lang.invoke.DirectMethodHandle$Holder.invokeStaticInit(java.lang.Object, java.lang.Object, int, int, int, int)'> (0x0000000093fe4c80) 
thrown [s\src\hotspot\share\interpreter\linkResolver.cpp, line 773]
Event: 3.293 Thread 0x000001fffb6c69f0 Exception <a 'java/lang/NoSuchMethodError'{0x0000000093a8b2a8}: 'int java.lang.invoke.DirectMethodHandle$Holder.invokeVirtual(java.lang.Object, java.lang.Object, java.lang.Object, java.lang.Object)'> (0x0000000093a8b2a8) 
thrown [s\src\hotspot\share\interpreter\linkResolver.cpp, line 773]
Event: 3.294 Thread 0x000001fffb6c69f0 Exception <a 'java/lang/NoSuchMethodError'{0x0000000093a8ed90}: 'int java.lang.invoke.DelegatingMethodHandle$Holder.reinvoke_L(java.lang.Object, java.lang.Object, java.lang.Object, java.lang.Object)'> (0x0000000093a8ed90) 
thrown [s\src\hotspot\share\interpreter\linkResolver.cpp, line 773]
Event: 3.361 Thread 0x000001fffb6c69f0 Exception <a 'java/io/FileNotFoundException'{0x000000009372a1f0}> (0x000000009372a1f0) 
thrown [s\src\hotspot\share\prims\jni.cpp, line 520]
Event: 3.362 Thread 0x000001fffb6c69f0 Exception <a 'java/io/FileNotFoundException'{0x000000009372c388}> (0x000000009372c388) 
thrown [s\src\hotspot\share\prims\jni.cpp, line 520]
Event: 3.388 Thread 0x000001fffb6c69f0 Exception <a 'java/lang/NoSuchMethodError'{0x00000000936703a0}: 'int java.lang.invoke.DirectMethodHandle$Holder.invokeInterface(java.lang.Object, java.lang.Object, java.lang.Object, java.lang.Object)'> (0x00000000936703a0) 
thrown [s\src\hotspot\share\interpreter\linkResolver.cpp, line 773]
Event: 3.432 Thread 0x000001fffb6c69f0 Exception <a 'java/lang/NoSuchMethodError'{0x00000000934483c8}: 'long java.lang.invoke.DirectMethodHandle$Holder.invokeVirtual(java.lang.Object, java.lang.Object)'> (0x00000000934483c8) 
thrown [s\src\hotspot\share\interpreter\linkResolver.cpp, line 773]
Event: 3.456 Thread 0x000001fffb6c69f0 Exception <a 'java/lang/NoSuchMethodError'{0x00000000933e5f40}: 'void java.lang.invoke.Invokers$Holder.invokeExact_MT(java.lang.Object, java.lang.Object, java.lang.Object, java.lang.Object)'> (0x00000000933e5f40) 
thrown [s\src\hotspot\share\interpreter\linkResolver.cpp, line 773]
Event: 3.522 Thread 0x000001fffb6c69f0 Exception <a 'java/lang/NoSuchMethodError'{0x00000000931f25b8}: 'java.lang.Object java.lang.invoke.DirectMethodHandle$Holder.newInvokeSpecial(java.lang.Object, java.lang.Object, java.lang.Object, java.lang.Object, java.lang.Object, java.lang.Object)'> (0x00000000931f25b8) 
thrown [s\src\hotspot\share\interpreter\linkResolver.cpp, line 773]
Event: 3.546 Thread 0x000001fffb6c69f0 Exception <a 'java/lang/NoSuchMethodError'{0x000000009994ccb8}: 'java.lang.Object java.lang.invoke.DirectMethodHandle$Holder.newInvokeSpecial(java.lang.Object, java.lang.Object, java.lang.Object, java.lang.Object, java.lang.Object, java.lang.Object, java.lang.Object, java.lang.Object)'> (0x000000009994ccb8) 
thrown [s\src\hotspot\share\interpreter\linkResolver.cpp, line 773]
Event: 3.703 Thread 0x000001fffb6c69f0 Exception <a 'java/lang/IncompatibleClassChangeError'{0x00000000949674c0}: Found class java.lang.Object, but interface was expected> (0x00000000949674c0) 
thrown [s\src\hotspot\share\interpreter\linkResolver.cpp, line 840]
Event: 3.733 Thread 0x000001fffb6c69f0 Exception <a 'java/lang/NoSuchMethodError'{0x000000009487f530}: 'void java.lang.invoke.DirectMethodHandle$Holder.invokeVirtual(java.lang.Object, java.lang.Object, long)'> (0x000000009487f530) 
thrown [s\src\hotspot\share\interpreter\linkResolver.cpp, line 773]
Event: 3.809 Thread 0x000001fffb6c69f0 Exception <a 'java/lang/NoSuchMethodError'{0x000000009455e150}: 'int java.lang.invoke.DirectMethodHandle$Holder.invokeStaticInit(java.lang.Object, java.lang.Object, java.lang.Object, java.lang.Object)'> (0x000000009455e150) 
thrown [s\src\hotspot\share\interpreter\linkResolver.cpp, line 773]
Event: 3.898 Thread 0x000001fffb6c69f0 Exception <a 'java/lang/NoSuchMethodError'{0x00000000942a61f0}: 'java.lang.Object java.lang.invoke.DirectMethodHandle$Holder.newInvokeSpecial(java.lang.Object, java.lang.Object, int, java.lang.Object, java.lang.Object)'> (0x00000000942a61f0) 
thrown [s\src\hotspot\share\interpreter\linkResolver.cpp, line 773]
Event: 9.310 Thread 0x000001ffe02bf0d0 Exception <a 'java/lang/NoSuchMethodError'{0x0000000093d38768}: 'java.lang.Object java.lang.invoke.DirectMethodHandle$Holder.invokeSpecial(java.lang.Object, java.lang.Object, java.lang.Object, java.lang.Object, java.lang.Object, long)'> (0x0000000093d38768) 
thrown [s\src\hotspot\share\interpreter\linkResolver.cpp, line 773]
Event: 9.310 Thread 0x000001ffe02bf0d0 Exception <a 'java/lang/NoSuchMethodError'{0x0000000093d3bf28}: 'java.lang.Object java.lang.invoke.Invokers$Holder.linkToTargetMethod(java.lang.Object, java.lang.Object, java.lang.Object, long, java.lang.Object)'> (0x0000000093d3bf28) 
thrown [s\src\hotspot\share\interpreter\linkResolver.cpp, line 773]
Event: 9.394 Thread 0x000001ffe02bf0d0 Exception <a 'java/lang/NoSuchMethodError'{0x000000009713a1e0}: 'java.lang.Object java.lang.invoke.DirectMethodHandle$Holder.invokeStatic(java.lang.Object, int, int)'> (0x000000009713a1e0) 
thrown [s\src\hotspot\share\interpreter\linkResolver.cpp, line 773]

ZGC Phase Switch (0 events):
No events

VM Operations (20 events):
Event: 3.596 Executing VM operation: HandshakeAllThreads (Deoptimize)
Event: 3.596 Executing VM operation: HandshakeAllThreads (Deoptimize) done
Event: 3.609 Executing VM operation: HandshakeAllThreads (Deoptimize)
Event: 3.609 Executing VM operation: HandshakeAllThreads (Deoptimize) done
Event: 3.641 Executing VM operation: HandshakeAllThreads (Deoptimize)
Event: 3.641 Executing VM operation: HandshakeAllThreads (Deoptimize) done
Event: 3.758 Executing VM operation: HandshakeAllThreads (Deoptimize)
Event: 3.758 Executing VM operation: HandshakeAllThreads (Deoptimize) done
Event: 3.932 Executing VM operation: ICBufferFull
Event: 3.933 Executing VM operation: ICBufferFull done
Event: 4.939 Executing VM operation: Cleanup
Event: 4.939 Executing VM operation: Cleanup done
Event: 9.326 Executing VM operation: HandshakeAllThreads (Deoptimize)
Event: 9.326 Executing VM operation: HandshakeAllThreads (Deoptimize) done
Event: 9.326 Executing VM operation: Cleanup
Event: 9.326 Executing VM operation: Cleanup done
Event: 9.358 Executing VM operation: G1CollectForAllocation (G1 Evacuation Pause)
Event: 9.364 Executing VM operation: G1CollectForAllocation (G1 Evacuation Pause) done
Event: 9.383 Executing VM operation: HandshakeAllThreads (Deoptimize)
Event: 9.383 Executing VM operation: HandshakeAllThreads (Deoptimize) done

Memory protections (0 events):
No events

Nmethod flushes (0 events):
No events

Events (20 events):
Event: 2.047 Thread 0x000001ffdf380ca0 Thread exited: 0x000001ffdf380ca0
Event: 2.081 Thread 0x000001ffde977130 Thread exited: 0x000001ffde977130
Event: 3.446 Thread 0x000001fffb6c69f0 Thread added: 0x000001ffe0080700
Event: 3.447 Thread 0x000001ffe0080700 Thread added: 0x000001ffdf986360
Event: 3.452 Thread 0x000001fffb6c69f0 Thread added: 0x000001ffe0625c60
Event: 3.908 Thread 0x000001fffb6c69f0 Thread added: 0x000001ffe02bf0d0
Event: 3.908 Thread 0x000001fffb6c69f0 Thread added: 0x000001ffe0fd8010
Event: 3.908 Thread 0x000001fffb6c69f0 Thread added: 0x000001ffdff7ffd0
Event: 3.908 Thread 0x000001fffb6c69f0 Thread added: 0x000001ffdfa3ff20
Event: 3.908 Thread 0x000001fffb6c69f0 Thread added: 0x000001ffdfa405b0
Event: 3.909 Thread 0x000001fffb6c69f0 Thread added: 0x000001ffdfa40c40
Event: 3.909 Thread 0x000001fffb6c69f0 Thread added: 0x000001ffdfa412d0
Event: 3.909 Thread 0x000001fffb6c69f0 Thread added: 0x000001ffdfa41ff0
Event: 3.909 Thread 0x000001fffb6c69f0 Thread added: 0x000001ffdfa41960
Event: 3.909 Thread 0x000001fffb6c69f0 Thread added: 0x000001ffdfa42680
Event: 3.923 Thread 0x000001fffb6c69f0 Thread added: 0x000001ffdfa42d10
Event: 3.924 Thread 0x000001fffb6c69f0 Thread added: 0x000001ffdfa433a0
Event: 3.937 Thread 0x000001fffb6c69f0 Thread exited: 0x000001fffb6c69f0
Event: 3.937 Thread 0x000001ffdee98310 Thread added: 0x000001ffdee98310
Event: 9.024 Thread 0x000001ff98719740 Thread exited: 0x000001ff98719740


Dynamic libraries:
0x00007ff77daa0000 - 0x00007ff77daae000 	C:\Program Files\Zulu\zulu-21\bin\java.exe
0x00007fff56950000 - 0x00007fff56b67000 	C:\WINDOWS\SYSTEM32\ntdll.dll
0x00007fff550c0000 - 0x00007fff55184000 	C:\WINDOWS\System32\KERNEL32.DLL
0x00007fff542b0000 - 0x00007fff54669000 	C:\WINDOWS\System32\KERNELBASE.dll
0x00007fff53c50000 - 0x00007fff53d61000 	C:\WINDOWS\System32\ucrtbase.dll
0x00007fff32c00000 - 0x00007fff32c1b000 	C:\Program Files\Zulu\zulu-21\bin\VCRUNTIME140.dll
0x00007fff32c20000 - 0x00007fff32c39000 	C:\Program Files\Zulu\zulu-21\bin\jli.dll
0x00007fff55c60000 - 0x00007fff55e0e000 	C:\WINDOWS\System32\USER32.dll
0x00007fff53d70000 - 0x00007fff53d96000 	C:\WINDOWS\System32\win32u.dll
0x00007fff55e10000 - 0x00007fff55e39000 	C:\WINDOWS\System32\GDI32.dll
0x00007fff54120000 - 0x00007fff5423b000 	C:\WINDOWS\System32\gdi32full.dll
0x00007fff53da0000 - 0x00007fff53e3a000 	C:\WINDOWS\System32\msvcp_win.dll
0x00007fff40910000 - 0x00007fff40ba2000 	C:\WINDOWS\WinSxS\amd64_microsoft.windows.common-controls_6595b64144ccf1df_6.0.22621.4391_none_2715d37f73803e96\COMCTL32.dll
0x00007fff54f40000 - 0x00007fff54fe7000 	C:\WINDOWS\System32\msvcrt.dll
0x00007fff55a10000 - 0x00007fff55a41000 	C:\WINDOWS\System32\IMM32.DLL
0x00007fff32d70000 - 0x00007fff32d7c000 	C:\Program Files\Zulu\zulu-21\bin\vcruntime140_1.dll
0x00007ffeda7e0000 - 0x00007ffeda86e000 	C:\Program Files\Zulu\zulu-21\bin\msvcp140.dll
0x00007ffecd5f0000 - 0x00007ffece38a000 	C:\Program Files\Zulu\zulu-21\bin\server\jvm.dll
0x00007fff55000000 - 0x00007fff550b2000 	C:\WINDOWS\System32\ADVAPI32.dll
0x00007fff54e90000 - 0x00007fff54f37000 	C:\WINDOWS\System32\sechost.dll
0x00007fff53fb0000 - 0x00007fff53fd8000 	C:\WINDOWS\System32\bcrypt.dll
0x00007fff552f0000 - 0x00007fff55404000 	C:\WINDOWS\System32\RPCRT4.dll
0x00007fff56890000 - 0x00007fff56901000 	C:\WINDOWS\System32\WS2_32.dll
0x00007fff53b20000 - 0x00007fff53b6d000 	C:\WINDOWS\SYSTEM32\POWRPROF.dll
0x00007fff4d590000 - 0x00007fff4d5c4000 	C:\WINDOWS\SYSTEM32\WINMM.dll
0x00007fff485d0000 - 0x00007fff485da000 	C:\WINDOWS\SYSTEM32\VERSION.dll
0x00007fff53b00000 - 0x00007fff53b13000 	C:\WINDOWS\SYSTEM32\UMPDC.dll
0x00007fff52bf0000 - 0x00007fff52c08000 	C:\WINDOWS\SYSTEM32\kernel.appcore.dll
0x00007fff2e990000 - 0x00007fff2e99a000 	C:\Program Files\Zulu\zulu-21\bin\jimage.dll
0x00007fff50920000 - 0x00007fff50b52000 	C:\WINDOWS\SYSTEM32\DBGHELP.DLL
0x00007fff54670000 - 0x00007fff549ff000 	C:\WINDOWS\System32\combase.dll
0x00007fff566d0000 - 0x00007fff567a7000 	C:\WINDOWS\System32\OLEAUT32.dll
0x00007fff508e0000 - 0x00007fff50912000 	C:\WINDOWS\SYSTEM32\dbgcore.DLL
0x00007fff540a0000 - 0x00007fff5411b000 	C:\WINDOWS\System32\bcryptPrimitives.dll
0x00007fff2b510000 - 0x00007fff2b51f000 	C:\Program Files\Zulu\zulu-21\bin\instrument.dll
0x00007fff29b40000 - 0x00007fff29b5f000 	C:\Program Files\Zulu\zulu-21\bin\java.dll
0x00007fff55e40000 - 0x00007fff566b6000 	C:\WINDOWS\System32\SHELL32.dll
0x00007fff51b40000 - 0x00007fff52443000 	C:\WINDOWS\SYSTEM32\windows.storage.dll
0x00007fff51a00000 - 0x00007fff51b3f000 	C:\WINDOWS\SYSTEM32\wintypes.dll
0x00007fff55910000 - 0x00007fff55a09000 	C:\WINDOWS\System32\SHCORE.dll
0x00007fff55430000 - 0x00007fff5548e000 	C:\WINDOWS\System32\shlwapi.dll
0x00007fff53b80000 - 0x00007fff53bab000 	C:\WINDOWS\SYSTEM32\profapi.dll
0x00007ffeda700000 - 0x00007ffeda7d7000 	C:\Program Files\Zulu\zulu-21\bin\jsvml.dll
0x00007fff29130000 - 0x00007fff29148000 	C:\Program Files\Zulu\zulu-21\bin\zip.dll
0x00007fff2b2e0000 - 0x00007fff2b2f0000 	C:\Program Files\Zulu\zulu-21\bin\net.dll
0x00007fff4e030000 - 0x00007fff4e166000 	C:\WINDOWS\SYSTEM32\WINHTTP.dll
0x00007fff530c0000 - 0x00007fff53129000 	C:\WINDOWS\system32\mswsock.dll
0x00007fff25fd0000 - 0x00007fff25fe6000 	C:\Program Files\Zulu\zulu-21\bin\nio.dll
0x00007fff3b130000 - 0x00007fff3b14a000 	D:\IntelliJ IDEA Community Edition 2024.3\bin\breakgen64.dll
0x00007fff32e60000 - 0x00007fff32e69000 	C:\Program Files\Zulu\zulu-21\bin\extnet.dll
0x00007fff32e50000 - 0x00007fff32e5e000 	C:\Program Files\Zulu\zulu-21\bin\sunmscapi.dll
0x00007fff53e40000 - 0x00007fff53fa6000 	C:\WINDOWS\System32\CRYPT32.dll
0x00007fff53500000 - 0x00007fff5352d000 	C:\WINDOWS\SYSTEM32\ncrypt.dll
0x00007fff534c0000 - 0x00007fff534f7000 	C:\WINDOWS\SYSTEM32\NTASN1.dll
0x00007fff53300000 - 0x00007fff5331b000 	C:\WINDOWS\SYSTEM32\CRYPTSP.dll
0x00007fff52bb0000 - 0x00007fff52be5000 	C:\WINDOWS\system32\rsaenh.dll
0x00007fff53170000 - 0x00007fff53198000 	C:\WINDOWS\SYSTEM32\USERENV.dll
0x00007fff532f0000 - 0x00007fff532fc000 	C:\WINDOWS\SYSTEM32\CRYPTBASE.dll
0x00007fff526b0000 - 0x00007fff526dd000 	C:\WINDOWS\SYSTEM32\IPHLPAPI.DLL
0x00007fff54ff0000 - 0x00007fff54ff9000 	C:\WINDOWS\System32\NSI.dll
0x00007fff32e80000 - 0x00007fff32e8a000 	C:\Program Files\Zulu\zulu-21\bin\management.dll
0x00007fff32e70000 - 0x00007fff32e7b000 	C:\Program Files\Zulu\zulu-21\bin\management_ext.dll
0x00007fff54ca0000 - 0x00007fff54ca8000 	C:\WINDOWS\System32\PSAPI.DLL
0x00007fff36220000 - 0x00007fff36228000 	C:\WINDOWS\system32\wshunix.dll

dbghelp: loaded successfully - version: 4.0.5 - missing functions: none
symbol engine: initialized successfully - sym options: 0x614 - pdb path: .;C:\Program Files\Zulu\zulu-21\bin;C:\WINDOWS\SYSTEM32;C:\WINDOWS\WinSxS\amd64_microsoft.windows.common-controls_6595b64144ccf1df_6.0.22621.4391_none_2715d37f73803e96;C:\Program Files\Zulu\zulu-21\bin\server;D:\IntelliJ IDEA Community Edition 2024.3\bin

VM Arguments:
jvm_args: -javaagent:D:\IntelliJ IDEA Community Edition 2024.3\lib\idea_rt.jar=8917:D:\IntelliJ IDEA Community Edition 2024.3\bin -Dfile.encoding=UTF-8 -Dsun.stdout.encoding=UTF-8 -Dsun.stderr.encoding=UTF-8 
java_command: hello.hello_spring.HelloSpringApplication
java_class_path (initial): C:\Users\±Ë∆Úº¡\Desktop\∆˙¥ı\CS\Ω∫«¡∏µ\1.Ω∫«¡∏µ ¿‘πÆ\hello-spring\hello-spring\out\production\classes;C:\Users\±Ë∆Úº¡\Desktop\∆˙¥ı\CS\Ω∫«¡∏µ\1.Ω∫«¡∏µ ¿‘πÆ\hello-spring\hello-spring\out\production\resources;C:\Users\±Ë∆Úº¡\.gradle\caches\modules-2\files-2.1\org.springframework.boot\spring-boot-starter-thymeleaf\3.3.5\5fa47cb90c1ff87b9273fcf01b56bff77810077e\spring-boot-starter-thymeleaf-3.3.5.jar;C:\Users\±Ë∆Úº¡\.gradle\caches\modules-2\files-2.1\org.springframework.boot\spring-boot-starter-web\3.3.5\51cc6cd5fb15f4eecfadea4ac689ed290e65c2cc\spring-boot-starter-web-3.3.5.jar;C:\Users\±Ë∆Úº¡\.gradle\caches\modules-2\files-2.1\org.springframework.boot\spring-boot-starter\3.3.5\16b7a9acf1918a8f763e871ada3794e9ffd4a980\spring-boot-starter-3.3.5.jar;C:\Users\±Ë∆Úº¡\.gradle\caches\modules-2\files-2.1\org.thymeleaf\thymeleaf-spring6\3.1.2.RELEASE\6030c7b4e260c41336f378e53da6e8531263f24b\thymeleaf-spring6-3.1.2.RELEASE.jar;C:\Users\±Ë∆Úº¡\.gradle\caches\modules-2\files-2.1\org.springframework.boot\spring-boot-starter-json\3.3.5\a92dd0bc808c9de278bc62bc37db4e409027657a\spring-boot-starter-json-3.3.5.jar;C:\Users\±Ë∆Úº¡\.gradle\caches\modules-2\files-2.1\org.springframework.boot\spring-boot-starter-tomcat\3.3.5\9fcf404e2efc06612af0c194e6d4f4162c6aac24\spring-boot-starter-tomcat-3.3.5.jar;C:\Users\±Ë∆Úº¡\.gradle\caches\modules-2\files-2.1\org.springframework\spring-webmvc\6.1.14\804478303aac6f91ea566efd4fef3dc06380528a\spring-webmvc-6.1.14.jar;C:\Users\±Ë∆Úº¡\.gradle\caches\modules-2\files-2.1\org.springframework\spring-web\6.1.14\b45eaad7df4f37ce224acdcb555a6a3dd5c246b2\spring-web-6.1.14.jar;C:\Users\±Ë∆Úº¡\.gradle\caches\modules-2\files-2.1\org.springframework.boot\spring-boot-autoconfigure\3.3.5\1efbbd46eeef054986796200313f4bb0d53a7268\spring-boot-autoconfigure-3.3.5.jar;C:\Users\±Ë∆Úº¡\.gradle\caches\modules-2\files-2.1\org.springframework.boot\spring-boot\3.3.5\1a0d1dc425d445503bd01c9aa3683aaebc524e3b\spring-boot-3.3.5.jar;C:\Users\±Ë∆Úº¡\.gradle\caches\modules-2\files-2.1\org.springframework.boot\spring-boot-starter-logging\3.3.5\de318d4baa64f02631accf51d708e906b304b4cc\spring-boot-starter-logging-3.3.5.jar;C:\Users\±Ë∆Úº¡\.gradle\caches\modules-2\files-2.1\jakarta.annotation\jakarta.annotation-api\2.1.1\48b9bda22b091b1f48b13af03fe36db3be6e1ae3\jakarta.annotation-api-2.1.1.jar;C:\Users\±Ë∆Úº¡\.gradle\caches\modules-2\files-2.1\org.springframework\spring-core\6.1.14\45d2d808015bf6c5411e457fa09e843042dc3a76\spring-core-6.1.14.jar;C:\Users\±Ë∆Úº¡\.gradle\caches\modules-2\files-2.1\org.yaml\snakeyaml\2.2\3af797a25458550a16bf89acc8e4ab2b7f2bfce0\snakeyaml-2.2.jar;C:\Users\±Ë∆Úº¡\.gradle\caches\modules-2\files-2.1\org.thymeleaf\thymeleaf\3.1.2.RELEASE\273997509a4c7aef86cee0521750140c587d9be2\thymeleaf-3.1.2.RELEASE.jar;C:\Users\±Ë∆Úº¡\.gradle\caches\modules-2\files-2.1\org.slf4j\slf4j-api\2.0.16\172931663a09a1fa515567af5fbef00897d3c04\slf4j-api-2.0.16.jar;C:\Users\±Ë∆Úº¡\.gradle\caches\modules-2\files-2.1\com.fasterxml.jackson.datatype\jackson-datatype-jsr310\2.17.2\267b85e9ba2892a37be6d80aa9ca1438a0d8c210\jackson-datatype-jsr310-2.17.2.jar;C:\Users\±Ë∆Úº¡\.gradle\caches\modules-2\files-2.1\com.fasterxml.jackson.module\jackson-module-parameter-names\2.17.2\d27b9f95ccce98984c1ba58d61c5a9c072b1ad95\jackson-module-parameter-names-2.17.2.jar;C:\Users\±Ë∆Úº¡\.gradle\caches\modules-2\files-2.1\com.fasterxml.jackson.datatype\jackson-datatype-jdk8\2.17.2\efd3dd0e1d0db8bc72abbe71c15e697bb83b4b45\jackson-datatype-jdk8-2.17.2.jar;C:\Users\±Ë∆Úº¡\.gradle\caches\modules-2\files-2.1\com.fasterxml.jackson.core\jackson-databind\2.17.2\e6deb029e5901e027c129341fac39e515066b68c\jackson-databind-2.17.2.jar;C:\Users\±Ë∆Úº¡\.gradle\caches\modules-2\files-2.1\org.apache.tomcat.embed\tomcat-embed-websocket\10.1.31\6f755a475e44ece496ae3402de0c6c2dbea63921\tomcat-embed-websocket-10.1.31.jar;C:\Users\±Ë∆Úº¡\.gradle\caches\modules-2\files-2.1\org.apache.tomcat.embed\tomcat-embed-core\10.1.31\a91cc0a95157228d9cccb1a9e8fb9c77c048c937\tomcat-embed-core-10.1.31.jar;C:\Users\±Ë∆Úº¡\.gradle\caches\modules-2\files-2.1\org.apache.tomcat.embed\tomcat-embed-el\10.1.31\ab21108d69bb42160eff7b905f606a1d0c21ae67\tomcat-embed-el-10.1.31.jar;C:\Users\±Ë∆Úº¡\.gradle\caches\modules-2\files-2.1\org.springframework\spring-context\6.1.14\b3d96fb4310376a608465c3544b7cfb790293787\spring-context-6.1.14.jar;C:\Users\±Ë∆Úº¡\.gradle\caches\modules-2\files-2.1\org.springframework\spring-aop\6.1.14\3d5002d4c415c1ff4720f214c804d3d7e7d10111\spring-aop-6.1.14.jar;C:\Users\±Ë∆Úº¡\.gradle\caches\modules-2\files-2.1\org.springframework\spring-beans\6.1.14\be71b919145e20fb7f38c81467d7d0f1c09ad1bd\spring-beans-6.1.14.jar;C:\Users\±Ë∆Úº¡\.gradle\caches\modules-2\files-2.1\org.springframework\spring-expression\6.1.14\495646d4968fb90aa97bc05a7d298d0c32898a1d\spring-expression-6.1.14.jar;C:\Users\±Ë∆Úº¡\.gradle\caches\modules-2\files-2.1\io.micrometer\micrometer-observation\1.13.6\8650b5372db17587f1271cd130beafa93d7eb573\micrometer-observation-1.13.6.jar;C:\Users\±Ë∆Úº¡\.gradle\caches\modules-2\files-2.1\ch.qos.logback\logback-classic\1.5.11\c4473fb51fea6682ad477cf3c2206b8b9623b9d8\logback-classic-1.5.11.jar;C:\Users\±Ë∆Úº¡\.gradle\caches\modules-2\files-2.1\org.apache.logging.log4j\log4j-to-slf4j\2.23.1\425ad1eb8a39904d2830e907a324e956fb456520\log4j-to-slf4j-2.23.1.jar;C:\Users\±Ë∆Úº¡\.gradle\caches\modules-2\files-2.1\org.slf4j\jul-to-slf4j\2.0.16\6d57da3e961daac65bcca0dd3def6cd11e48a24a\jul-to-slf4j-2.0.16.jar;C:\Users\±Ë∆Úº¡\.gradle\caches\modules-2\files-2.1\org.springframework\spring-jcl\6.1.14\842b2b24a375efd79af436860d22ba4e0082ff4b\spring-jcl-6.1.14.jar;C:\Users\±Ë∆Úº¡\.gradle\caches\modules-2\files-2.1\org.attoparser\attoparser\2.0.7.RELEASE\e5d0e988d9124139d645bb5872b24dfa23e283cc\attoparser-2.0.7.RELEASE.jar;C:\Users\±Ë∆Úº¡\.gradle\caches\modules-2\files-2.1\org.unbescape\unbescape\1.1.6.RELEASE\7b90360afb2b860e09e8347112800d12c12b2a13\unbescape-1.1.6.RELEASE.jar;C:\Users\±Ë∆Úº¡\.gradle\caches\modules-2\files-2.1\com.fasterxml.jackson.core\jackson-annotations\2.17.2\147b7b9412ffff24339f8aba080b292448e08698\jackson-annotations-2.17.2.jar;C:\Users\±Ë∆Úº¡\.gradle\caches\modules-2\files-2.1\com.fasterxml.jackson.core\jackson-core\2.17.2\969a35cb35c86512acbadcdbbbfb044c877db814\jackson-core-2.17.2.jar;C:\Users\±Ë∆Úº¡\.gradle\caches\modules-2\files-2.1\io.micrometer\micrometer-commons\1.13.6\224f398df08315a8f9cda21fcb4f062d24da4a49\micrometer-commons-1.13.6.jar;C:\Users\±Ë∆Úº¡\.gradle\caches\modules-2\files-2.1\ch.qos.logback\logback-core\1.5.11\727bdb8dc75b6c392f9be56224503948abc248e8\logback-core-1.5.11.jar;C:\Users\±Ë∆Úº¡\.gradle\caches\modules-2\files-2.1\org.apache.logging.log4j\log4j-api\2.23.1\9c15c29c526d9c6783049c0a77722693c66706e1\log4j-api-2.23.1.jar
Launcher Type: SUN_STANDARD

[Global flags]
     intx CICompilerCount                          = 4                                         {product} {ergonomic}
     uint ConcGCThreads                            = 3                                         {product} {ergonomic}
     uint G1ConcRefinementThreads                  = 10                                        {product} {ergonomic}
   size_t G1HeapRegionSize                         = 1048576                                   {product} {ergonomic}
    uintx GCDrainStackTargetSize                   = 64                                        {product} {ergonomic}
   size_t InitialHeapSize                          = 115343360                                 {product} {ergonomic}
   size_t MarkStackSize                            = 4194304                                   {product} {ergonomic}
   size_t MaxHeapSize                              = 1832910848                                {product} {ergonomic}
   size_t MaxNewSize                               = 1098907648                                {product} {ergonomic}
   size_t MinHeapDeltaBytes                        = 1048576                                   {product} {ergonomic}
   size_t MinHeapSize                              = 8388608                                   {product} {ergonomic}
    uintx NonNMethodCodeHeapSize                   = 5839372                                {pd product} {ergonomic}
    uintx NonProfiledCodeHeapSize                  = 122909434                              {pd product} {ergonomic}
    uintx ProfiledCodeHeapSize                     = 122909434                              {pd product} {ergonomic}
    uintx ReservedCodeCacheSize                    = 251658240                              {pd product} {ergonomic}
     bool SegmentedCodeCache                       = true                                      {product} {ergonomic}
   size_t SoftMaxHeapSize                          = 1832910848                             {manageable} {ergonomic}
     bool UseCompressedOops                        = true                           {product lp64_product} {ergonomic}
     bool UseG1GC                                  = true                                      {product} {ergonomic}
     bool UseLargePagesIndividualAllocation        = false                                  {pd product} {ergonomic}

Logging:
Log output configuration:
 #0: stdout all=warning uptime,level,tags foldmultilines=false
 #1: stderr all=off uptime,level,tags foldmultilines=false

Environment Variables:
PATH=C:\Program Files\Zulu\zulu-21\bin\;C:\WINDOWS\system32;C:\WINDOWS;C:\WINDOWS\System32\Wbem;C:\WINDOWS\System32\WindowsPowerShell\v1.0\;C:\WINDOWS\System32\OpenSSH\;C:\Program Files\Git\cmd;C:\Program Files\Docker\Docker\resources\bin;C:\Users\±Ë∆Úº¡\AppData\Local\Programs\Python\Python311\Scripts\;C:\Users\±Ë∆Úº¡\AppData\Local\Programs\Python\Python311\;C:\Users\±Ë∆Úº¡\AppData\Local\Programs\Python\Python312\Scripts\;C:\Users\±Ë∆Úº¡\AppData\Local\Programs\Python\Python312\;C:\Users\±Ë∆Úº¡\AppData\Local\Programs\Python\Launcher\;C:\Users\±Ë∆Úº¡\AppData\Local\Microsoft\WindowsApps;C:\Users\±Ë∆Úº¡\AppData\Local\Programs\Microsoft VS Code\bin;C:\Users\±Ë∆Úº¡\AppData\Local\GitHubDesktop\bin;C:\Program Files\Git\bin;C:\Users\±Ë∆Úº¡\AppData\Local\Google\Cloud SDK\google-cloud-sdk\bin;D:\ffmpeg-2024-08-15-git-1f801dfdb5-full_build\ffmpeg-2024-08-15-git-1f801dfdb5-full_build\bin;C:\Program Files\Zulu\zulu-21\bin;
USERNAME=±Ë∆Úº¡
OS=Windows_NT
PROCESSOR_IDENTIFIER=AMD64 Family 25 Model 80 Stepping 0, AuthenticAMD
TMP=C:\Users\±Ë∆Úº¡\AppData\Local\Temp
TEMP=C:\Users\±Ë∆Úº¡\AppData\Local\Temp




Periodic native trim disabled

---------------  S Y S T E M  ---------------

OS:
 Windows 11 , 64 bit Build 22621 (10.0.22621.4391)
OS uptime: 0 days 11:56 hours
Hyper-V role detected

CPU: total 12 (initial active 12) (12 cores per cpu, 2 threads per core) family 25 model 80 stepping 0 microcode 0x0, cx8, cmov, fxsr, ht, mmx, 3dnowpref, sse, sse2, sse3, ssse3, sse4a, sse4.1, sse4.2, popcnt, lzcnt, tsc, tscinvbit, avx, avx2, aes, erms, clmul, bmi1, bmi2, adx, sha, fma, vzeroupper, clflush, clflushopt, hv, rdtscp, rdpid, fsrm, f16c, cet_ss
Processor Information for processor 0
  Max Mhz: 2301, Current Mhz: 2301, Mhz Limit: 2301
Processor Information for processor 1
  Max Mhz: 2301, Current Mhz: 2301, Mhz Limit: 2301
Processor Information for processor 2
  Max Mhz: 2301, Current Mhz: 2301, Mhz Limit: 2301
Processor Information for processor 3
  Max Mhz: 2301, Current Mhz: 1990, Mhz Limit: 2301
Processor Information for processor 4
  Max Mhz: 2301, Current Mhz: 2301, Mhz Limit: 2301
Processor Information for processor 5
  Max Mhz: 2301, Current Mhz: 1990, Mhz Limit: 2301
Processor Information for processor 6
  Max Mhz: 2301, Current Mhz: 1990, Mhz Limit: 2301
Processor Information for processor 7
  Max Mhz: 2301, Current Mhz: 2301, Mhz Limit: 2301
Processor Information for processor 8
  Max Mhz: 2301, Current Mhz: 2301, Mhz Limit: 2301
Processor Information for processor 9
  Max Mhz: 2301, Current Mhz: 2301, Mhz Limit: 2301
Processor Information for processor 10
  Max Mhz: 2301, Current Mhz: 2301, Mhz Limit: 2301
Processor Information for processor 11
  Max Mhz: 2301, Current Mhz: 2301, Mhz Limit: 2301

Memory: 4k page, system-wide physical 6990M (307M free)
TotalPageFile size 18125M (AvailPageFile size 4M)
current process WorkingSet (physical memory assigned to process): 162M, peak: 172M
current process commit charge ("private bytes"): 203M, peak: 257M

vm_info: OpenJDK 64-Bit Server VM (21.0.4+7-LTS) for windows-amd64 JRE (21.0.4+7-LTS) (Zulu21.36+17-CA), built on 2024-07-09T22:03:30Z by "zulu_re" with MS VC++ 17.1 (VS2022)

END.
