#
# There is insufficient memory for the Java Runtime Environment to continue.
# Native memory allocation (malloc) failed to allocate 477136 bytes. Error detail: Chunk::new
# Possible reasons:
#   The system is out of physical RAM or swap space
#   This process is running with CompressedOops enabled, and the Java Heap may be blocking the growth of the native heap
# Possible solutions:
#   Reduce memory load on the system
#   Increase physical memory or swap space
#   Check if swap backing store is full
#   Decrease Java heap size (-Xmx/-Xms)
#   Decrease number of Java threads
#   Decrease Java thread stack sizes (-Xss)
#   Set larger code cache with -XX:ReservedCodeCacheSize=
#   JVM is running with Unscaled Compressed Oops mode in which the Java heap is
#     placed in the first 4GB address space. The Java Heap base address is the
#     maximum limit for the native heap growth. Please use -XX:HeapBaseMinAddress
#     to set the Java Heap base and to place the Java Heap above 4GB virtual address.
# This output file may be truncated or incomplete.
#
#  Out of Memory Error (arena.cpp:168), pid=27404, tid=28520
#
# JRE version: OpenJDK Runtime Environment Zulu21.36+17-CA (21.0.4+7) (build 21.0.4+7-LTS)
# Java VM: OpenJDK 64-Bit Server VM Zulu21.36+17-CA (21.0.4+7-LTS, mixed mode, sharing, tiered, compressed oops, compressed class ptrs, g1 gc, windows-amd64)
# No core dump will be written. Minidumps are not enabled by default on client versions of Windows
#

---------------  S U M M A R Y ------------

Command Line: -javaagent:D:\IntelliJ IDEA Community Edition 2024.3\lib\idea_rt.jar=9313:D:\IntelliJ IDEA Community Edition 2024.3\bin -Dfile.encoding=UTF-8 -Dsun.stdout.encoding=UTF-8 -Dsun.stderr.encoding=UTF-8 hello.hello_spring.HelloSpringApplication

Host: AMD Ryzen 5 5600U with Radeon Graphics         , 12 cores, 6G,  Windows 11 , 64 bit Build 22621 (10.0.22621.4391)
Time: Fri Nov 15 14:06:31 2024  Windows 11 , 64 bit Build 22621 (10.0.22621.4391) elapsed time: 1.489977 seconds (0d 0h 0m 1s)

---------------  T H R E A D  ---------------

Current thread (0x000001b967ea2af0):  JavaThread "C2 CompilerThread0" daemon [_thread_in_native, id=28520, stack(0x0000006984e00000,0x0000006984f00000) (1024K)]


Current CompileTask:
C2:   1490 2365       4       jdk.internal.jimage.BasicImageReader::getLocationIndex (52 bytes)

Stack: [0x0000006984e00000,0x0000006984f00000]
Native frames: (J=compiled Java code, j=interpreted, Vv=VM code, C=native code)
V  [jvm.dll+0x6d6f99]
V  [jvm.dll+0x8b1f81]
V  [jvm.dll+0x8b42ee]
V  [jvm.dll+0x8b49d3]
V  [jvm.dll+0x286b56]
V  [jvm.dll+0xc5b5d]
V  [jvm.dll+0xc6093]
V  [jvm.dll+0x2fa58f]
V  [jvm.dll+0x5ff6a6]
V  [jvm.dll+0x2548e2]
V  [jvm.dll+0x254c9f]
V  [jvm.dll+0x24d520]
V  [jvm.dll+0x24acdc]
V  [jvm.dll+0x1ca444]
V  [jvm.dll+0x25a529]
V  [jvm.dll+0x258aaa]
V  [jvm.dll+0x3f90b6]
V  [jvm.dll+0x85ade8]
V  [jvm.dll+0x6d56ad]
C  [ucrtbase.dll+0x29333]
C  [KERNEL32.DLL+0x1259d]
C  [ntdll.dll+0x5af38]


---------------  P R O C E S S  ---------------

Threads class SMR info:
_java_thread_list=0x000001b96ce93590, length=13, elements={
0x000001b949393890, 0x000001b967e8d650, 0x000001b967e8e570, 0x000001b967e90dc0,
0x000001b967e93930, 0x000001b967e944c0, 0x000001b967e98b20, 0x000001b967ea2af0,
0x000001b967ea3590, 0x000001b967e5b830, 0x000001b96c2e72a0, 0x000001b96c3fe570,
0x000001b96c45ae20
}

Java Threads: ( => current thread )
  0x000001b949393890 JavaThread "main"                              [_thread_in_vm, id=24516, stack(0x0000006984000000,0x0000006984100000) (1024K)]
  0x000001b967e8d650 JavaThread "Reference Handler"          daemon [_thread_blocked, id=28400, stack(0x0000006984800000,0x0000006984900000) (1024K)]
  0x000001b967e8e570 JavaThread "Finalizer"                  daemon [_thread_blocked, id=27816, stack(0x0000006984900000,0x0000006984a00000) (1024K)]
  0x000001b967e90dc0 JavaThread "Signal Dispatcher"          daemon [_thread_blocked, id=27976, stack(0x0000006984a00000,0x0000006984b00000) (1024K)]
  0x000001b967e93930 JavaThread "Attach Listener"            daemon [_thread_blocked, id=13744, stack(0x0000006984b00000,0x0000006984c00000) (1024K)]
  0x000001b967e944c0 JavaThread "Service Thread"             daemon [_thread_blocked, id=7860, stack(0x0000006984c00000,0x0000006984d00000) (1024K)]
  0x000001b967e98b20 JavaThread "Monitor Deflation Thread"   daemon [_thread_blocked, id=21680, stack(0x0000006984d00000,0x0000006984e00000) (1024K)]
=>0x000001b967ea2af0 JavaThread "C2 CompilerThread0"         daemon [_thread_in_native, id=28520, stack(0x0000006984e00000,0x0000006984f00000) (1024K)]
  0x000001b967ea3590 JavaThread "C1 CompilerThread0"         daemon [_thread_in_native, id=26980, stack(0x0000006984f00000,0x0000006985000000) (1024K)]
  0x000001b967e5b830 JavaThread "Common-Cleaner"             daemon [_thread_blocked, id=15484, stack(0x0000006985000000,0x0000006985100000) (1024K)]
  0x000001b96c2e72a0 JavaThread "C2 CompilerThread1"         daemon [_thread_in_native, id=28252, stack(0x0000006985100000,0x0000006985200000) (1024K)]
  0x000001b96c3fe570 JavaThread "Monitor Ctrl-Break"         daemon [_thread_in_native, id=23852, stack(0x0000006985200000,0x0000006985300000) (1024K)]
  0x000001b96c45ae20 JavaThread "Notification Thread"        daemon [_thread_blocked, id=18556, stack(0x0000006985300000,0x0000006985400000) (1024K)]
Total: 13

Other Threads:
  0x000001b967e70810 VMThread "VM Thread"                           [id=23556, stack(0x0000006984700000,0x0000006984800000) (1024K)]
  0x000001b967e5a780 WatcherThread "VM Periodic Task Thread"        [id=25360, stack(0x0000006984600000,0x0000006984700000) (1024K)]
  0x000001b9493e3830 WorkerThread "GC Thread#0"                     [id=7708, stack(0x0000006984100000,0x0000006984200000) (1024K)]
  0x000001b96cd3d4f0 WorkerThread "GC Thread#1"                     [id=28124, stack(0x0000006985400000,0x0000006985500000) (1024K)]
  0x000001b96cdfb290 WorkerThread "GC Thread#2"                     [id=26380, stack(0x0000006985500000,0x0000006985600000) (1024K)]
  0x000001b96cdfba50 WorkerThread "GC Thread#3"                     [id=9148, stack(0x0000006985600000,0x0000006985700000) (1024K)]
  0x000001b96cdfbe00 WorkerThread "GC Thread#4"                     [id=23496, stack(0x0000006985700000,0x0000006985800000) (1024K)]
  0x000001b96cdfca30 WorkerThread "GC Thread#5"                     [id=28376, stack(0x0000006985800000,0x0000006985900000) (1024K)]
  0x000001b96d6652f0 WorkerThread "GC Thread#6"                     [id=8916, stack(0x0000006985a00000,0x0000006985b00000) (1024K)]
  0x000001b96d6656a0 WorkerThread "GC Thread#7"                     [id=26560, stack(0x0000006985b00000,0x0000006985c00000) (1024K)]
  0x000001b96d1f37a0 WorkerThread "GC Thread#8"                     [id=11796, stack(0x0000006985c00000,0x0000006985d00000) (1024K)]
  0x000001b96d1f3f50 WorkerThread "GC Thread#9"                     [id=7300, stack(0x0000006985d00000,0x0000006985e00000) (1024K)]
  0x000001b9493f2360 ConcurrentGCThread "G1 Main Marker"            [id=16992, stack(0x0000006984200000,0x0000006984300000) (1024K)]
  0x000001b9493f3520 WorkerThread "G1 Conc#0"                       [id=28176, stack(0x0000006984300000,0x0000006984400000) (1024K)]
  0x000001b967d25190 ConcurrentGCThread "G1 Refine#0"               [id=25580, stack(0x0000006984400000,0x0000006984500000) (1024K)]
  0x000001b967d25830 ConcurrentGCThread "G1 Service"                [id=25720, stack(0x0000006984500000,0x0000006984600000) (1024K)]
Total: 16

Threads with active compile tasks:
C2 CompilerThread0     1529 2365       4       jdk.internal.jimage.BasicImageReader::getLocationIndex (52 bytes)
C1 CompilerThread0     1529 2483       3       org.springframework.asm.ClassReader::readMethod (1061 bytes)
C2 CompilerThread1     1529 2269       4       jdk.internal.jimage.ImageLocation::verify (218 bytes)
Total: 3

VM state: not at safepoint (normal execution)

VM Mutex/Monitor currently owned by a thread: None

Heap address: 0x0000000092c00000, size: 1748 MB, Compressed Oops mode: 32-bit

CDS archive(s) mapped at: [0x000001b900000000-0x000001b900cf0000-0x000001b900cf0000), size 13565952, SharedBaseAddress: 0x000001b900000000, ArchiveRelocationMode: 1.
Compressed class space mapped at: 0x000001b901000000-0x000001b941000000, reserved size: 1073741824
Narrow klass base: 0x000001b900000000, Narrow klass shift: 0, Narrow klass range: 0x100000000

GC Precious Log:
 CardTable entry size: 512
 Card Set container configuration: InlinePtr #cards 5 size 8 Array Of Cards #cards 12 size 40 Howl #buckets 4 coarsen threshold 1843 Howl Bitmap #cards 512 size 80 coarsen threshold 460 Card regions per heap region 1 cards per card region 2048
 CPUs: 12 total, 12 available
 Memory: 6990M
 Large Page Support: Disabled
 NUMA Support: Disabled
 Compressed Oops: Enabled (32-bit)
 Heap Region Size: 1M
 Heap Min Capacity: 8M
 Heap Initial Capacity: 110M
 Heap Max Capacity: 1748M
 Pre-touch: Disabled
 Parallel Workers: 10
 Concurrent Workers: 3
 Concurrent Refinement Workers: 10
 Periodic GC: Disabled

Heap:
 garbage-first heap   total 112640K, used 27553K [0x0000000092c00000, 0x0000000100000000)
  region size 1024K, 24 young (24576K), 3 survivors (3072K)
 Metaspace       used 18173K, committed 18496K, reserved 1114112K
  class space    used 2153K, committed 2304K, reserved 1048576K

Heap Regions: E=young(eden), S=young(survivor), O=old, HS=humongous(starts), HC=humongous(continues), CS=collection set, F=free, TAMS=top-at-mark-start, PB=parsable bottom
|   0|0x0000000092c00000, 0x0000000092d00000, 0x0000000092d00000|100%| O|  |TAMS 0x0000000092c00000| PB 0x0000000092c00000| Untracked 
|   1|0x0000000092d00000, 0x0000000092e00000, 0x0000000092e00000|100%| O|  |TAMS 0x0000000092d00000| PB 0x0000000092d00000| Untracked 
|   2|0x0000000092e00000, 0x0000000092f00000, 0x0000000092f00000|100%| O|  |TAMS 0x0000000092e00000| PB 0x0000000092e00000| Untracked 
|   3|0x0000000092f00000, 0x0000000093000000, 0x0000000093000000|100%| O|  |TAMS 0x0000000092f00000| PB 0x0000000092f00000| Untracked 
|   4|0x0000000093000000, 0x00000000930d0948, 0x0000000093100000| 81%| O|  |TAMS 0x0000000093000000| PB 0x0000000093000000| Untracked 
|   5|0x0000000093100000, 0x0000000093100000, 0x0000000093200000|  0%| F|  |TAMS 0x0000000093100000| PB 0x0000000093100000| Untracked 
|   6|0x0000000093200000, 0x0000000093200000, 0x0000000093300000|  0%| F|  |TAMS 0x0000000093200000| PB 0x0000000093200000| Untracked 
|   7|0x0000000093300000, 0x0000000093300000, 0x0000000093400000|  0%| F|  |TAMS 0x0000000093300000| PB 0x0000000093300000| Untracked 
|   8|0x0000000093400000, 0x0000000093400000, 0x0000000093500000|  0%| F|  |TAMS 0x0000000093400000| PB 0x0000000093400000| Untracked 
|   9|0x0000000093500000, 0x0000000093500000, 0x0000000093600000|  0%| F|  |TAMS 0x0000000093500000| PB 0x0000000093500000| Untracked 
|  10|0x0000000093600000, 0x0000000093600000, 0x0000000093700000|  0%| F|  |TAMS 0x0000000093600000| PB 0x0000000093600000| Untracked 
|  11|0x0000000093700000, 0x0000000093700000, 0x0000000093800000|  0%| F|  |TAMS 0x0000000093700000| PB 0x0000000093700000| Untracked 
|  12|0x0000000093800000, 0x0000000093800000, 0x0000000093900000|  0%| F|  |TAMS 0x0000000093800000| PB 0x0000000093800000| Untracked 
|  13|0x0000000093900000, 0x0000000093900000, 0x0000000093a00000|  0%| F|  |TAMS 0x0000000093900000| PB 0x0000000093900000| Untracked 
|  14|0x0000000093a00000, 0x0000000093a00000, 0x0000000093b00000|  0%| F|  |TAMS 0x0000000093a00000| PB 0x0000000093a00000| Untracked 
|  15|0x0000000093b00000, 0x0000000093b00000, 0x0000000093c00000|  0%| F|  |TAMS 0x0000000093b00000| PB 0x0000000093b00000| Untracked 
|  16|0x0000000093c00000, 0x0000000093c00000, 0x0000000093d00000|  0%| F|  |TAMS 0x0000000093c00000| PB 0x0000000093c00000| Untracked 
|  17|0x0000000093d00000, 0x0000000093d00000, 0x0000000093e00000|  0%| F|  |TAMS 0x0000000093d00000| PB 0x0000000093d00000| Untracked 
|  18|0x0000000093e00000, 0x0000000093e00000, 0x0000000093f00000|  0%| F|  |TAMS 0x0000000093e00000| PB 0x0000000093e00000| Untracked 
|  19|0x0000000093f00000, 0x0000000093f00000, 0x0000000094000000|  0%| F|  |TAMS 0x0000000093f00000| PB 0x0000000093f00000| Untracked 
|  20|0x0000000094000000, 0x0000000094000000, 0x0000000094100000|  0%| F|  |TAMS 0x0000000094000000| PB 0x0000000094000000| Untracked 
|  21|0x0000000094100000, 0x0000000094100000, 0x0000000094200000|  0%| F|  |TAMS 0x0000000094100000| PB 0x0000000094100000| Untracked 
|  22|0x0000000094200000, 0x0000000094200000, 0x0000000094300000|  0%| F|  |TAMS 0x0000000094200000| PB 0x0000000094200000| Untracked 
|  23|0x0000000094300000, 0x0000000094300000, 0x0000000094400000|  0%| F|  |TAMS 0x0000000094300000| PB 0x0000000094300000| Untracked 
|  24|0x0000000094400000, 0x0000000094400000, 0x0000000094500000|  0%| F|  |TAMS 0x0000000094400000| PB 0x0000000094400000| Untracked 
|  25|0x0000000094500000, 0x0000000094500000, 0x0000000094600000|  0%| F|  |TAMS 0x0000000094500000| PB 0x0000000094500000| Untracked 
|  26|0x0000000094600000, 0x0000000094600000, 0x0000000094700000|  0%| F|  |TAMS 0x0000000094600000| PB 0x0000000094600000| Untracked 
|  27|0x0000000094700000, 0x0000000094700000, 0x0000000094800000|  0%| F|  |TAMS 0x0000000094700000| PB 0x0000000094700000| Untracked 
|  28|0x0000000094800000, 0x0000000094800000, 0x0000000094900000|  0%| F|  |TAMS 0x0000000094800000| PB 0x0000000094800000| Untracked 
|  29|0x0000000094900000, 0x0000000094900000, 0x0000000094a00000|  0%| F|  |TAMS 0x0000000094900000| PB 0x0000000094900000| Untracked 
|  30|0x0000000094a00000, 0x0000000094a00000, 0x0000000094b00000|  0%| F|  |TAMS 0x0000000094a00000| PB 0x0000000094a00000| Untracked 
|  31|0x0000000094b00000, 0x0000000094b00000, 0x0000000094c00000|  0%| F|  |TAMS 0x0000000094b00000| PB 0x0000000094b00000| Untracked 
|  32|0x0000000094c00000, 0x0000000094c00000, 0x0000000094d00000|  0%| F|  |TAMS 0x0000000094c00000| PB 0x0000000094c00000| Untracked 
|  33|0x0000000094d00000, 0x0000000094d00000, 0x0000000094e00000|  0%| F|  |TAMS 0x0000000094d00000| PB 0x0000000094d00000| Untracked 
|  34|0x0000000094e00000, 0x0000000094e00000, 0x0000000094f00000|  0%| F|  |TAMS 0x0000000094e00000| PB 0x0000000094e00000| Untracked 
|  35|0x0000000094f00000, 0x0000000094f00000, 0x0000000095000000|  0%| F|  |TAMS 0x0000000094f00000| PB 0x0000000094f00000| Untracked 
|  36|0x0000000095000000, 0x0000000095000000, 0x0000000095100000|  0%| F|  |TAMS 0x0000000095000000| PB 0x0000000095000000| Untracked 
|  37|0x0000000095100000, 0x0000000095100000, 0x0000000095200000|  0%| F|  |TAMS 0x0000000095100000| PB 0x0000000095100000| Untracked 
|  38|0x0000000095200000, 0x0000000095200000, 0x0000000095300000|  0%| F|  |TAMS 0x0000000095200000| PB 0x0000000095200000| Untracked 
|  39|0x0000000095300000, 0x0000000095300000, 0x0000000095400000|  0%| F|  |TAMS 0x0000000095300000| PB 0x0000000095300000| Untracked 
|  40|0x0000000095400000, 0x0000000095400000, 0x0000000095500000|  0%| F|  |TAMS 0x0000000095400000| PB 0x0000000095400000| Untracked 
|  41|0x0000000095500000, 0x0000000095500000, 0x0000000095600000|  0%| F|  |TAMS 0x0000000095500000| PB 0x0000000095500000| Untracked 
|  42|0x0000000095600000, 0x0000000095600000, 0x0000000095700000|  0%| F|  |TAMS 0x0000000095600000| PB 0x0000000095600000| Untracked 
|  43|0x0000000095700000, 0x0000000095700000, 0x0000000095800000|  0%| F|  |TAMS 0x0000000095700000| PB 0x0000000095700000| Untracked 
|  44|0x0000000095800000, 0x0000000095800000, 0x0000000095900000|  0%| F|  |TAMS 0x0000000095800000| PB 0x0000000095800000| Untracked 
|  45|0x0000000095900000, 0x0000000095900000, 0x0000000095a00000|  0%| F|  |TAMS 0x0000000095900000| PB 0x0000000095900000| Untracked 
|  46|0x0000000095a00000, 0x0000000095a00000, 0x0000000095b00000|  0%| F|  |TAMS 0x0000000095a00000| PB 0x0000000095a00000| Untracked 
|  47|0x0000000095b00000, 0x0000000095b00000, 0x0000000095c00000|  0%| F|  |TAMS 0x0000000095b00000| PB 0x0000000095b00000| Untracked 
|  48|0x0000000095c00000, 0x0000000095c00000, 0x0000000095d00000|  0%| F|  |TAMS 0x0000000095c00000| PB 0x0000000095c00000| Untracked 
|  49|0x0000000095d00000, 0x0000000095d00000, 0x0000000095e00000|  0%| F|  |TAMS 0x0000000095d00000| PB 0x0000000095d00000| Untracked 
|  50|0x0000000095e00000, 0x0000000095e00000, 0x0000000095f00000|  0%| F|  |TAMS 0x0000000095e00000| PB 0x0000000095e00000| Untracked 
|  51|0x0000000095f00000, 0x0000000095f00000, 0x0000000096000000|  0%| F|  |TAMS 0x0000000095f00000| PB 0x0000000095f00000| Untracked 
|  52|0x0000000096000000, 0x0000000096000000, 0x0000000096100000|  0%| F|  |TAMS 0x0000000096000000| PB 0x0000000096000000| Untracked 
|  53|0x0000000096100000, 0x0000000096100000, 0x0000000096200000|  0%| F|  |TAMS 0x0000000096100000| PB 0x0000000096100000| Untracked 
|  54|0x0000000096200000, 0x0000000096200000, 0x0000000096300000|  0%| F|  |TAMS 0x0000000096200000| PB 0x0000000096200000| Untracked 
|  55|0x0000000096300000, 0x0000000096300000, 0x0000000096400000|  0%| F|  |TAMS 0x0000000096300000| PB 0x0000000096300000| Untracked 
|  56|0x0000000096400000, 0x0000000096400000, 0x0000000096500000|  0%| F|  |TAMS 0x0000000096400000| PB 0x0000000096400000| Untracked 
|  57|0x0000000096500000, 0x0000000096500000, 0x0000000096600000|  0%| F|  |TAMS 0x0000000096500000| PB 0x0000000096500000| Untracked 
|  58|0x0000000096600000, 0x0000000096600000, 0x0000000096700000|  0%| F|  |TAMS 0x0000000096600000| PB 0x0000000096600000| Untracked 
|  59|0x0000000096700000, 0x0000000096700000, 0x0000000096800000|  0%| F|  |TAMS 0x0000000096700000| PB 0x0000000096700000| Untracked 
|  60|0x0000000096800000, 0x0000000096800000, 0x0000000096900000|  0%| F|  |TAMS 0x0000000096800000| PB 0x0000000096800000| Untracked 
|  61|0x0000000096900000, 0x0000000096900000, 0x0000000096a00000|  0%| F|  |TAMS 0x0000000096900000| PB 0x0000000096900000| Untracked 
|  62|0x0000000096a00000, 0x0000000096a00000, 0x0000000096b00000|  0%| F|  |TAMS 0x0000000096a00000| PB 0x0000000096a00000| Untracked 
|  63|0x0000000096b00000, 0x0000000096b00000, 0x0000000096c00000|  0%| F|  |TAMS 0x0000000096b00000| PB 0x0000000096b00000| Untracked 
|  64|0x0000000096c00000, 0x0000000096c00000, 0x0000000096d00000|  0%| F|  |TAMS 0x0000000096c00000| PB 0x0000000096c00000| Untracked 
|  65|0x0000000096d00000, 0x0000000096d00000, 0x0000000096e00000|  0%| F|  |TAMS 0x0000000096d00000| PB 0x0000000096d00000| Untracked 
|  66|0x0000000096e00000, 0x0000000096e00000, 0x0000000096f00000|  0%| F|  |TAMS 0x0000000096e00000| PB 0x0000000096e00000| Untracked 
|  67|0x0000000096f00000, 0x0000000096f00000, 0x0000000097000000|  0%| F|  |TAMS 0x0000000096f00000| PB 0x0000000096f00000| Untracked 
|  68|0x0000000097000000, 0x0000000097000000, 0x0000000097100000|  0%| F|  |TAMS 0x0000000097000000| PB 0x0000000097000000| Untracked 
|  69|0x0000000097100000, 0x0000000097100000, 0x0000000097200000|  0%| F|  |TAMS 0x0000000097100000| PB 0x0000000097100000| Untracked 
|  70|0x0000000097200000, 0x0000000097200000, 0x0000000097300000|  0%| F|  |TAMS 0x0000000097200000| PB 0x0000000097200000| Untracked 
|  71|0x0000000097300000, 0x0000000097300000, 0x0000000097400000|  0%| F|  |TAMS 0x0000000097300000| PB 0x0000000097300000| Untracked 
|  72|0x0000000097400000, 0x0000000097400000, 0x0000000097500000|  0%| F|  |TAMS 0x0000000097400000| PB 0x0000000097400000| Untracked 
|  73|0x0000000097500000, 0x0000000097500000, 0x0000000097600000|  0%| F|  |TAMS 0x0000000097500000| PB 0x0000000097500000| Untracked 
|  74|0x0000000097600000, 0x0000000097600000, 0x0000000097700000|  0%| F|  |TAMS 0x0000000097600000| PB 0x0000000097600000| Untracked 
|  75|0x0000000097700000, 0x0000000097717b58, 0x0000000097800000|  9%| S|CS|TAMS 0x0000000097700000| PB 0x0000000097700000| Complete 
|  76|0x0000000097800000, 0x0000000097900000, 0x0000000097900000|100%| S|CS|TAMS 0x0000000097800000| PB 0x0000000097800000| Complete 
|  77|0x0000000097900000, 0x0000000097a00000, 0x0000000097a00000|100%| S|CS|TAMS 0x0000000097900000| PB 0x0000000097900000| Complete 
|  78|0x0000000097a00000, 0x0000000097a00000, 0x0000000097b00000|  0%| F|  |TAMS 0x0000000097a00000| PB 0x0000000097a00000| Untracked 
|  79|0x0000000097b00000, 0x0000000097b00000, 0x0000000097c00000|  0%| F|  |TAMS 0x0000000097b00000| PB 0x0000000097b00000| Untracked 
|  80|0x0000000097c00000, 0x0000000097c00000, 0x0000000097d00000|  0%| F|  |TAMS 0x0000000097c00000| PB 0x0000000097c00000| Untracked 
|  81|0x0000000097d00000, 0x0000000097d00000, 0x0000000097e00000|  0%| F|  |TAMS 0x0000000097d00000| PB 0x0000000097d00000| Untracked 
|  82|0x0000000097e00000, 0x0000000097e00000, 0x0000000097f00000|  0%| F|  |TAMS 0x0000000097e00000| PB 0x0000000097e00000| Untracked 
|  83|0x0000000097f00000, 0x0000000097f00000, 0x0000000098000000|  0%| F|  |TAMS 0x0000000097f00000| PB 0x0000000097f00000| Untracked 
|  84|0x0000000098000000, 0x0000000098000000, 0x0000000098100000|  0%| F|  |TAMS 0x0000000098000000| PB 0x0000000098000000| Untracked 
|  85|0x0000000098100000, 0x0000000098100000, 0x0000000098200000|  0%| F|  |TAMS 0x0000000098100000| PB 0x0000000098100000| Untracked 
|  86|0x0000000098200000, 0x0000000098200000, 0x0000000098300000|  0%| F|  |TAMS 0x0000000098200000| PB 0x0000000098200000| Untracked 
|  87|0x0000000098300000, 0x0000000098300000, 0x0000000098400000|  0%| F|  |TAMS 0x0000000098300000| PB 0x0000000098300000| Untracked 
|  88|0x0000000098400000, 0x0000000098400000, 0x0000000098500000|  0%| F|  |TAMS 0x0000000098400000| PB 0x0000000098400000| Untracked 
|  89|0x0000000098500000, 0x00000000985ee710, 0x0000000098600000| 93%| E|  |TAMS 0x0000000098500000| PB 0x0000000098500000| Complete 
|  90|0x0000000098600000, 0x0000000098700000, 0x0000000098700000|100%| E|CS|TAMS 0x0000000098600000| PB 0x0000000098600000| Complete 
|  91|0x0000000098700000, 0x0000000098800000, 0x0000000098800000|100%| E|CS|TAMS 0x0000000098700000| PB 0x0000000098700000| Complete 
|  92|0x0000000098800000, 0x0000000098900000, 0x0000000098900000|100%| E|CS|TAMS 0x0000000098800000| PB 0x0000000098800000| Complete 
|  93|0x0000000098900000, 0x0000000098a00000, 0x0000000098a00000|100%| E|CS|TAMS 0x0000000098900000| PB 0x0000000098900000| Complete 
|  94|0x0000000098a00000, 0x0000000098b00000, 0x0000000098b00000|100%| E|CS|TAMS 0x0000000098a00000| PB 0x0000000098a00000| Complete 
|  95|0x0000000098b00000, 0x0000000098c00000, 0x0000000098c00000|100%| E|CS|TAMS 0x0000000098b00000| PB 0x0000000098b00000| Complete 
|  96|0x0000000098c00000, 0x0000000098d00000, 0x0000000098d00000|100%| E|CS|TAMS 0x0000000098c00000| PB 0x0000000098c00000| Complete 
|  97|0x0000000098d00000, 0x0000000098e00000, 0x0000000098e00000|100%| E|CS|TAMS 0x0000000098d00000| PB 0x0000000098d00000| Complete 
|  98|0x0000000098e00000, 0x0000000098f00000, 0x0000000098f00000|100%| E|CS|TAMS 0x0000000098e00000| PB 0x0000000098e00000| Complete 
|  99|0x0000000098f00000, 0x0000000099000000, 0x0000000099000000|100%| E|CS|TAMS 0x0000000098f00000| PB 0x0000000098f00000| Complete 
| 100|0x0000000099000000, 0x0000000099100000, 0x0000000099100000|100%| E|CS|TAMS 0x0000000099000000| PB 0x0000000099000000| Complete 
| 101|0x0000000099100000, 0x0000000099200000, 0x0000000099200000|100%| E|CS|TAMS 0x0000000099100000| PB 0x0000000099100000| Complete 
| 102|0x0000000099200000, 0x0000000099300000, 0x0000000099300000|100%| E|CS|TAMS 0x0000000099200000| PB 0x0000000099200000| Complete 
| 103|0x0000000099300000, 0x0000000099400000, 0x0000000099400000|100%| E|CS|TAMS 0x0000000099300000| PB 0x0000000099300000| Complete 
| 104|0x0000000099400000, 0x0000000099500000, 0x0000000099500000|100%| E|CS|TAMS 0x0000000099400000| PB 0x0000000099400000| Complete 
| 105|0x0000000099500000, 0x0000000099600000, 0x0000000099600000|100%| E|CS|TAMS 0x0000000099500000| PB 0x0000000099500000| Complete 
| 106|0x0000000099600000, 0x0000000099700000, 0x0000000099700000|100%| E|CS|TAMS 0x0000000099600000| PB 0x0000000099600000| Complete 
| 107|0x0000000099700000, 0x0000000099800000, 0x0000000099800000|100%| E|CS|TAMS 0x0000000099700000| PB 0x0000000099700000| Complete 
| 108|0x0000000099800000, 0x0000000099900000, 0x0000000099900000|100%| E|CS|TAMS 0x0000000099800000| PB 0x0000000099800000| Complete 
| 109|0x0000000099900000, 0x0000000099a00000, 0x0000000099a00000|100%| E|CS|TAMS 0x0000000099900000| PB 0x0000000099900000| Complete 

Card table byte_map: [0x000001b963300000,0x000001b963670000] _byte_map_base: 0x000001b962e6a000

Marking Bits: (CMBitMap*) 0x000001b9493e3e50
 Bits: [0x000001b963670000, 0x000001b9651c0000)

Polling page: 0x000001b9532d0000

Metaspace:

Usage:
  Non-class:     15.69 MB used.
      Class:      2.11 MB used.
       Both:     17.79 MB used.

Virtual space:
  Non-class space:       64.00 MB reserved,      15.88 MB ( 25%) committed,  1 nodes.
      Class space:        1.00 GB reserved,       2.25 MB ( <1%) committed,  1 nodes.
             Both:        1.06 GB reserved,      18.12 MB (  2%) committed. 

Chunk freelists:
   Non-Class:  15.53 MB
       Class:  13.78 MB
        Both:  29.31 MB

MaxMetaspaceSize: unlimited
CompressedClassSpaceSize: 1.00 GB
Initial GC threshold: 21.00 MB
Current GC threshold: 21.00 MB
CDS: on
 - commit_granule_bytes: 65536.
 - commit_granule_words: 8192.
 - virtual_space_node_default_size: 8388608.
 - enlarge_chunks_in_place: 1.
 - use_allocation_guard: 0.


Internal statistics:

num_allocs_failed_limit: 0.
num_arena_births: 264.
num_arena_deaths: 0.
num_vsnodes_births: 2.
num_vsnodes_deaths: 0.
num_space_committed: 290.
num_space_uncommitted: 0.
num_chunks_returned_to_freelist: 0.
num_chunks_taken_from_freelist: 885.
num_chunk_merges: 0.
num_chunk_splits: 584.
num_chunks_enlarged: 416.
num_inconsistent_stats: 0.

CodeHeap 'non-profiled nmethods': size=120000Kb used=984Kb max_used=984Kb free=119015Kb
 bounds [0x000001b95adc0000, 0x000001b95b030000, 0x000001b9622f0000]
CodeHeap 'profiled nmethods': size=120000Kb used=4740Kb max_used=4740Kb free=115259Kb
 bounds [0x000001b9532f0000, 0x000001b9537a0000, 0x000001b95a820000]
CodeHeap 'non-nmethods': size=5760Kb used=1433Kb max_used=1461Kb free=4326Kb
 bounds [0x000001b95a820000, 0x000001b95aa90000, 0x000001b95adc0000]
 total_blobs=3007 nmethods=2483 adapters=428
 compilation: enabled
              stopped_count=0, restarted_count=0
 full_count=0

Compilation events (20 events):
Event: 1.481 Thread 0x000001b967ea3590 nmethod 2395 0x000001b953756b90 code [0x000001b953756d80, 0x000001b9537571e0]
Event: 1.481 Thread 0x000001b967ea3590 2396       3       org.springframework.core.annotation.MergedAnnotationsCollection::of (28 bytes)
Event: 1.481 Thread 0x000001b967ea3590 nmethod 2396 0x000001b953757390 code [0x000001b953757580, 0x000001b9537579a8]
Event: 1.481 Thread 0x000001b967ea3590 2397       1       java.util.Collections$EmptyMap::get (2 bytes)
Event: 1.481 Thread 0x000001b967ea3590 nmethod 2397 0x000001b95aeb4a10 code [0x000001b95aeb4ba0, 0x000001b95aeb4c70]
Event: 1.482 Thread 0x000001b967ea3590 2399       3       jdk.internal.util.ArraysSupport::utf16hashCode (40 bytes)
Event: 1.482 Thread 0x000001b967ea3590 nmethod 2399 0x000001b953757b10 code [0x000001b953757cc0, 0x000001b953757ed8]
Event: 1.482 Thread 0x000001b967ea3590 2400       3       org.springframework.core.type.classreading.SimpleMethodMetadataReadingVisitor::getSource (36 bytes)
Event: 1.482 Thread 0x000001b967ea3590 nmethod 2400 0x000001b953758010 code [0x000001b9537581c0, 0x000001b9537585a8]
Event: 1.483 Thread 0x000001b967ea3590 2401       3       org.springframework.core.io.ClassPathResource::hashCode (8 bytes)
Event: 1.483 Thread 0x000001b967ea3590 nmethod 2401 0x000001b953758690 code [0x000001b953758840, 0x000001b953758980]
Event: 1.483 Thread 0x000001b967ea3590 2402   !   3       org.springframework.core.annotation.AnnotationUtils::invokeAnnotationMethod (38 bytes)
Event: 1.485 Thread 0x000001b967ea3590 nmethod 2402 0x000001b953758a90 code [0x000001b953758e60, 0x000001b95375a868]
Event: 1.485 Thread 0x000001b967ea3590 2404       1       org.springframework.core.annotation.AnnotationFilter$1::matches (2 bytes)
Event: 1.485 Thread 0x000001b967ea3590 nmethod 2404 0x000001b95aeb4d10 code [0x000001b95aeb4ea0, 0x000001b95aeb4f68]
Event: 1.485 Thread 0x000001b967ea3590 2406   !   3       org.springframework.util.ClassUtils::getDefaultClassLoader (37 bytes)
Event: 1.485 Thread 0x000001b967ea3590 nmethod 2406 0x000001b95375b190 code [0x000001b95375b360, 0x000001b95375b708]
Event: 1.485 Thread 0x000001b967ea3590 2405       1       org.springframework.core.type.classreading.SimpleMethodMetadata::getAnnotations (5 bytes)
Event: 1.485 Thread 0x000001b967ea3590 nmethod 2405 0x000001b95aeb5010 code [0x000001b95aeb51a0, 0x000001b95aeb5268]
Event: 1.485 Thread 0x000001b967ea3590 2408       3       org.springframework.core.type.classreading.SimpleMethodMetadata::hashCode (8 bytes)

GC Heap History (4 events):
Event: 0.769 GC heap before
{Heap before GC invocations=0 (full 0):
 garbage-first heap   total 112640K, used 23552K [0x0000000092c00000, 0x0000000100000000)
  region size 1024K, 23 young (23552K), 0 survivors (0K)
 Metaspace       used 7071K, committed 7296K, reserved 1114112K
  class space    used 808K, committed 896K, reserved 1048576K
}
Event: 0.776 GC heap after
{Heap after GC invocations=1 (full 0):
 garbage-first heap   total 112640K, used 4896K [0x0000000092c00000, 0x0000000100000000)
  region size 1024K, 3 young (3072K), 3 survivors (3072K)
 Metaspace       used 7071K, committed 7296K, reserved 1114112K
  class space    used 808K, committed 896K, reserved 1048576K
}
Event: 1.150 GC heap before
{Heap before GC invocations=1 (full 0):
 garbage-first heap   total 112640K, used 33568K [0x0000000092c00000, 0x0000000100000000)
  region size 1024K, 32 young (32768K), 3 survivors (3072K)
 Metaspace       used 14323K, committed 14592K, reserved 1114112K
  class space    used 1669K, committed 1792K, reserved 1048576K
}
Event: 1.157 GC heap after
{Heap after GC invocations=2 (full 0):
 garbage-first heap   total 112640K, used 7073K [0x0000000092c00000, 0x0000000100000000)
  region size 1024K, 3 young (3072K), 3 survivors (3072K)
 Metaspace       used 14323K, committed 14592K, reserved 1114112K
  class space    used 1669K, committed 1792K, reserved 1048576K
}

Dll operation events (11 events):
Event: 0.018 Loaded shared library C:\Program Files\Zulu\zulu-21\bin\java.dll
Event: 0.072 Loaded shared library C:\Program Files\Zulu\zulu-21\bin\jsvml.dll
Event: 0.154 Loaded shared library C:\Program Files\Zulu\zulu-21\bin\zip.dll
Event: 0.160 Loaded shared library C:\Program Files\Zulu\zulu-21\bin\instrument.dll
Event: 0.168 Loaded shared library C:\Program Files\Zulu\zulu-21\bin\net.dll
Event: 0.170 Loaded shared library C:\Program Files\Zulu\zulu-21\bin\nio.dll
Event: 0.174 Loaded shared library C:\Program Files\Zulu\zulu-21\bin\zip.dll
Event: 0.229 Loaded shared library D:\IntelliJ IDEA Community Edition 2024.3\bin\breakgen64.dll
Event: 0.241 Loaded shared library C:\Program Files\Zulu\zulu-21\bin\extnet.dll
Event: 0.280 Loaded shared library C:\Program Files\Zulu\zulu-21\bin\jimage.dll
Event: 1.317 Loaded shared library C:\Program Files\Zulu\zulu-21\bin\sunmscapi.dll

Deoptimization events (20 events):
Event: 1.336 Thread 0x000001b949393890 DEOPT PACKING pc=0x000001b9534512f9 sp=0x00000069840fe940
Event: 1.336 Thread 0x000001b949393890 DEOPT UNPACKING pc=0x000001b95a874e42 sp=0x00000069840fde30 mode 0
Event: 1.336 Thread 0x000001b949393890 DEOPT PACKING pc=0x000001b953447ef6 sp=0x00000069840fe950
Event: 1.336 Thread 0x000001b949393890 DEOPT UNPACKING pc=0x000001b95a874e42 sp=0x00000069840fde38 mode 0
Event: 1.336 Thread 0x000001b949393890 DEOPT PACKING pc=0x000001b9534512f9 sp=0x00000069840fe940
Event: 1.336 Thread 0x000001b949393890 DEOPT UNPACKING pc=0x000001b95a874e42 sp=0x00000069840fde30 mode 0
Event: 1.337 Thread 0x000001b949393890 DEOPT PACKING pc=0x000001b953447ef6 sp=0x00000069840fe950
Event: 1.337 Thread 0x000001b949393890 DEOPT UNPACKING pc=0x000001b95a874e42 sp=0x00000069840fde38 mode 0
Event: 1.337 Thread 0x000001b949393890 DEOPT PACKING pc=0x000001b9534512f9 sp=0x00000069840fe940
Event: 1.337 Thread 0x000001b949393890 DEOPT UNPACKING pc=0x000001b95a874e42 sp=0x00000069840fde30 mode 0
Event: 1.337 Thread 0x000001b949393890 DEOPT PACKING pc=0x000001b953447ef6 sp=0x00000069840fe950
Event: 1.337 Thread 0x000001b949393890 DEOPT UNPACKING pc=0x000001b95a874e42 sp=0x00000069840fde38 mode 0
Event: 1.406 Thread 0x000001b949393890 Uncommon trap: trap_request=0xffffff45 fr.pc=0x000001b95ae380fc relative=0x0000000000000e1c
Event: 1.406 Thread 0x000001b949393890 Uncommon trap: reason=unstable_if action=reinterpret pc=0x000001b95ae380fc method=jdk.internal.org.objectweb.asm.SymbolTable.put(Ljdk/internal/org/objectweb/asm/SymbolTable$Entry;)Ljdk/internal/org/objectweb/asm/SymbolTable$Entry; @ 13 c2
Event: 1.406 Thread 0x000001b949393890 DEOPT PACKING pc=0x000001b95ae380fc sp=0x00000069840fcfa0
Event: 1.406 Thread 0x000001b949393890 DEOPT UNPACKING pc=0x000001b95a8746a2 sp=0x00000069840fcec8 mode 2
Event: 1.476 Thread 0x000001b949393890 Uncommon trap: trap_request=0xffffff45 fr.pc=0x000001b95ae58308 relative=0x0000000000000c68
Event: 1.476 Thread 0x000001b949393890 Uncommon trap: reason=unstable_if action=reinterpret pc=0x000001b95ae58308 method=java.util.jar.JarFile.getVersionedEntry(Ljava/lang/String;Ljava/util/jar/JarEntry;)Ljava/util/jar/JarEntry; @ 26 c2
Event: 1.476 Thread 0x000001b949393890 DEOPT PACKING pc=0x000001b95ae58308 sp=0x00000069840fdfb0
Event: 1.476 Thread 0x000001b949393890 DEOPT UNPACKING pc=0x000001b95a8746a2 sp=0x00000069840fdf70 mode 2

Classes loaded (20 events):
Event: 1.322 Loading class sun/security/util/ByteArrayTagOrder
Event: 1.322 Loading class sun/security/util/ByteArrayTagOrder done
Event: 1.322 Loading class sun/security/util/ObjectIdentifier
Event: 1.322 Loading class sun/security/util/ObjectIdentifier done
Event: 1.325 Loading class java/security/spec/ECFieldF2m
Event: 1.325 Loading class java/security/spec/ECFieldF2m done
Event: 1.329 Loading class sun/security/ssl/SunJSSE
Event: 1.329 Loading class sun/security/ssl/SunJSSE done
Event: 1.330 Loading class com/sun/crypto/provider/SunJCE
Event: 1.330 Loading class com/sun/crypto/provider/SunJCE done
Event: 1.333 Loading class sun/security/provider/certpath/ldap/JdkLDAP
Event: 1.334 Loading class sun/security/provider/certpath/ldap/JdkLDAP done
Event: 1.334 Loading class sun/security/provider/certpath/ldap/JdkLDAP$ProviderService
Event: 1.334 Loading class sun/security/provider/certpath/ldap/JdkLDAP$ProviderService done
Event: 1.334 Loading class com/sun/security/sasl/Provider
Event: 1.334 Loading class com/sun/security/sasl/Provider done
Event: 1.334 Loading class com/sun/security/sasl/Provider$1
Event: 1.334 Loading class com/sun/security/sasl/Provider$1 done
Event: 1.334 Loading class com/sun/security/sasl/Provider$ProviderService
Event: 1.334 Loading class com/sun/security/sasl/Provider$ProviderService done

Classes unloaded (0 events):
No events

Classes redefined (0 events):
No events

Internal exceptions (20 events):
Event: 0.863 Thread 0x000001b949393890 Exception <a 'java/lang/NoSuchMethodError'{0x000000009955a0f8}: 'java.lang.Object java.lang.invoke.DirectMethodHandle$Holder.invokeVirtual(java.lang.Object, java.lang.Object, java.lang.Object)'> (0x000000009955a0f8) 
thrown [s\src\hotspot\share\interpreter\linkResolver.cpp, line 773]
Event: 0.868 Thread 0x000001b949393890 Exception <a 'java/lang/NoSuchMethodError'{0x000000009957aeb8}: 'java.lang.Object java.lang.invoke.DirectMethodHandle$Holder.invokeStatic(java.lang.Object, long, java.lang.Object)'> (0x000000009957aeb8) 
thrown [s\src\hotspot\share\interpreter\linkResolver.cpp, line 773]
Event: 0.868 Thread 0x000001b949393890 Exception <a 'java/lang/NoSuchMethodError'{0x000000009957e540}: 'java.lang.Object java.lang.invoke.DirectMethodHandle$Holder.invokeStaticInit(java.lang.Object, long, java.lang.Object)'> (0x000000009957e540) 
thrown [s\src\hotspot\share\interpreter\linkResolver.cpp, line 773]
Event: 0.868 Thread 0x000001b949393890 Exception <a 'java/lang/NoSuchMethodError'{0x0000000099583e00}: 'java.lang.Object java.lang.invoke.DirectMethodHandle$Holder.newInvokeSpecial(java.lang.Object, long)'> (0x0000000099583e00) 
thrown [s\src\hotspot\share\interpreter\linkResolver.cpp, line 773]
Event: 0.880 Thread 0x000001b949393890 Exception <a 'java/lang/NoSuchMethodError'{0x00000000995e9808}: 'void java.lang.invoke.DirectMethodHandle$Holder.invokeVirtual(java.lang.Object, java.lang.Object, java.lang.Object, java.lang.Object)'> (0x00000000995e9808) 
thrown [s\src\hotspot\share\interpreter\linkResolver.cpp, line 773]
Event: 0.919 Thread 0x000001b949393890 Exception <a 'java/lang/NoSuchMethodError'{0x00000000993abc28}: 'void java.lang.invoke.DirectMethodHandle$Holder.invokeSpecial(java.lang.Object, java.lang.Object, java.lang.Object)'> (0x00000000993abc28) 
thrown [s\src\hotspot\share\interpreter\linkResolver.cpp, line 773]
Event: 0.924 Thread 0x000001b949393890 Exception <a 'java/lang/IncompatibleClassChangeError'{0x00000000993d9350}: Found class java.lang.Object, but interface was expected> (0x00000000993d9350) 
thrown [s\src\hotspot\share\interpreter\linkResolver.cpp, line 840]
Event: 0.925 Thread 0x000001b96ce04ff0 Exception <a 'java/lang/NoClassDefFoundError'{0x0000000099217d80}: jakarta/validation/Validation> (0x0000000099217d80) 
thrown [s\src\hotspot\share\classfile\systemDictionary.cpp, line 304]
Event: 0.927 Thread 0x000001b949393890 Exception <a 'java/lang/NoSuchMethodError'{0x00000000993efc10}: 'java.lang.Object java.lang.invoke.DirectMethodHandle$Holder.invokeStaticInit(java.lang.Object, int)'> (0x00000000993efc10) 
thrown [s\src\hotspot\share\interpreter\linkResolver.cpp, line 773]
Event: 0.930 Thread 0x000001b949393890 Exception <a 'java/lang/NoSuchMethodError'{0x00000000993fa108}: 'java.lang.Object java.lang.invoke.DirectMethodHandle$Holder.invokeStatic(java.lang.Object, int, java.lang.Object)'> (0x00000000993fa108) 
thrown [s\src\hotspot\share\interpreter\linkResolver.cpp, line 773]
Event: 0.930 Thread 0x000001b949393890 Exception <a 'java/lang/NoSuchMethodError'{0x00000000993fd788}: 'java.lang.Object java.lang.invoke.DirectMethodHandle$Holder.invokeStaticInit(java.lang.Object, int, java.lang.Object)'> (0x00000000993fd788) 
thrown [s\src\hotspot\share\interpreter\linkResolver.cpp, line 773]
Event: 1.197 Thread 0x000001b949393890 Exception <a 'java/lang/NoSuchMethodError'{0x0000000099694570}: 'int java.lang.invoke.DirectMethodHandle$Holder.invokeSpecial(java.lang.Object, java.lang.Object, java.lang.Object, java.lang.Object, java.lang.Object)'> (0x0000000099694570) 
thrown [s\src\hotspot\share\interpreter\linkResolver.cpp, line 773]
Event: 1.199 Thread 0x000001b949393890 Exception <a 'java/lang/NoSuchMethodError'{0x000000009969cf90}: 'void java.lang.invoke.DirectMethodHandle$Holder.invokeVirtual(java.lang.Object, java.lang.Object)'> (0x000000009969cf90) 
thrown [s\src\hotspot\share\interpreter\linkResolver.cpp, line 773]
Event: 1.218 Thread 0x000001b96ce04ff0 Exception <a 'java/lang/NoSuchMethodError'{0x000000009930cbf0}: 'long java.lang.invoke.DirectMethodHandle$Holder.invokeSpecial(java.lang.Object, java.lang.Object)'> (0x000000009930cbf0) 
thrown [s\src\hotspot\share\interpreter\linkResolver.cpp, line 773]
Event: 1.219 Thread 0x000001b96ce04ff0 Exception <a 'java/lang/NoSuchMethodError'{0x0000000099316770}: 'long java.lang.invoke.DirectMethodHandle$Holder.invokeStatic(java.lang.Object, java.lang.Object)'> (0x0000000099316770) 
thrown [s\src\hotspot\share\interpreter\linkResolver.cpp, line 773]
Event: 1.220 Thread 0x000001b96ce04ff0 Exception <a 'java/lang/NoSuchMethodError'{0x0000000099319858}: 'long java.lang.invoke.DirectMethodHandle$Holder.invokeStaticInit(java.lang.Object, java.lang.Object)'> (0x0000000099319858) 
thrown [s\src\hotspot\share\interpreter\linkResolver.cpp, line 773]
Event: 1.221 Thread 0x000001b96ce04ff0 Exception <a 'java/lang/NoSuchMethodError'{0x0000000099325a50}: 'long java.lang.invoke.DirectMethodHandle$Holder.invokeInterface(java.lang.Object, java.lang.Object)'> (0x0000000099325a50) 
thrown [s\src\hotspot\share\interpreter\linkResolver.cpp, line 773]
Event: 1.222 Thread 0x000001b96ce04ff0 Exception <a 'java/lang/IncompatibleClassChangeError'{0x0000000099328a60}: Found class java.lang.Object, but interface was expected> (0x0000000099328a60) 
thrown [s\src\hotspot\share\interpreter\linkResolver.cpp, line 840]
Event: 1.226 Thread 0x000001b96ce04ff0 Exception <a 'java/lang/NoSuchMethodError'{0x00000000993b78b0}: 'java.lang.Object java.lang.invoke.DirectMethodHandle$Holder.invokeVirtual(java.lang.Object, java.lang.Object, java.lang.Object, java.lang.Object)'> (0x00000000993b78b0) 
thrown [s\src\hotspot\share\interpreter\linkResolver.cpp, line 773]
Event: 1.330 Thread 0x000001b949393890 Exception <a 'java/lang/IncompatibleClassChangeError'{0x0000000098df07f8}: Found class java.lang.Object, but interface was expected> (0x0000000098df07f8) 
thrown [s\src\hotspot\share\interpreter\linkResolver.cpp, line 840]

ZGC Phase Switch (0 events):
No events

VM Operations (20 events):
Event: 0.913 Executing VM operation: HandshakeAllThreads (Deoptimize)
Event: 0.913 Executing VM operation: HandshakeAllThreads (Deoptimize) done
Event: 0.917 Executing VM operation: HandshakeAllThreads (Deoptimize)
Event: 0.917 Executing VM operation: HandshakeAllThreads (Deoptimize) done
Event: 0.917 Executing VM operation: HandshakeAllThreads (Deoptimize)
Event: 0.917 Executing VM operation: HandshakeAllThreads (Deoptimize) done
Event: 1.030 Executing VM operation: ICBufferFull
Event: 1.030 Executing VM operation: ICBufferFull done
Event: 1.116 Executing VM operation: HandshakeAllThreads (Deoptimize)
Event: 1.116 Executing VM operation: HandshakeAllThreads (Deoptimize) done
Event: 1.150 Executing VM operation: G1CollectForAllocation (G1 Evacuation Pause)
Event: 1.157 Executing VM operation: G1CollectForAllocation (G1 Evacuation Pause) done
Event: 1.180 Executing VM operation: HandshakeAllThreads (Deoptimize)
Event: 1.180 Executing VM operation: HandshakeAllThreads (Deoptimize) done
Event: 1.278 Executing VM operation: HandshakeAllThreads (Deoptimize)
Event: 1.278 Executing VM operation: HandshakeAllThreads (Deoptimize) done
Event: 1.322 Executing VM operation: HandshakeAllThreads (Deoptimize)
Event: 1.322 Executing VM operation: HandshakeAllThreads (Deoptimize) done
Event: 1.466 Executing VM operation: ICBufferFull
Event: 1.466 Executing VM operation: ICBufferFull done

Memory protections (0 events):
No events

Nmethod flushes (0 events):
No events

Events (17 events):
Event: 0.051 Thread 0x000001b949393890 Thread added: 0x000001b949393890
Event: 0.069 Thread 0x000001b949393890 Thread added: 0x000001b967e8d650
Event: 0.070 Thread 0x000001b949393890 Thread added: 0x000001b967e8e570
Event: 0.070 Thread 0x000001b949393890 Thread added: 0x000001b967e90dc0
Event: 0.070 Thread 0x000001b949393890 Thread added: 0x000001b967e93930
Event: 0.070 Thread 0x000001b949393890 Thread added: 0x000001b967e944c0
Event: 0.070 Thread 0x000001b949393890 Thread added: 0x000001b967e98b20
Event: 0.070 Thread 0x000001b949393890 Thread added: 0x000001b967ea2af0
Event: 0.070 Thread 0x000001b949393890 Thread added: 0x000001b967ea3590
Event: 0.138 Thread 0x000001b949393890 Thread added: 0x000001b967e5b830
Event: 0.199 Thread 0x000001b967ea2af0 Thread added: 0x000001b96c2e72a0
Event: 0.230 Thread 0x000001b949393890 Thread added: 0x000001b96c3fe570
Event: 0.230 Thread 0x000001b949393890 Thread added: 0x000001b96c45ae20
Event: 0.922 Thread 0x000001b949393890 Thread added: 0x000001b96ce04ff0
Event: 1.266 Thread 0x000001b949393890 Thread added: 0x000001b96d3253e0
Event: 1.289 Thread 0x000001b96d3253e0 Thread exited: 0x000001b96d3253e0
Event: 1.337 Thread 0x000001b96ce04ff0 Thread exited: 0x000001b96ce04ff0


Dynamic libraries:
0x00007ff77daa0000 - 0x00007ff77daae000 	C:\Program Files\Zulu\zulu-21\bin\java.exe
0x00007fff56950000 - 0x00007fff56b67000 	C:\WINDOWS\SYSTEM32\ntdll.dll
0x00007fff550c0000 - 0x00007fff55184000 	C:\WINDOWS\System32\KERNEL32.DLL
0x00007fff542b0000 - 0x00007fff54669000 	C:\WINDOWS\System32\KERNELBASE.dll
0x00007fff53c50000 - 0x00007fff53d61000 	C:\WINDOWS\System32\ucrtbase.dll
0x00007fff32c00000 - 0x00007fff32c1b000 	C:\Program Files\Zulu\zulu-21\bin\VCRUNTIME140.dll
0x00007fff32c20000 - 0x00007fff32c39000 	C:\Program Files\Zulu\zulu-21\bin\jli.dll
0x00007fff55c60000 - 0x00007fff55e0e000 	C:\WINDOWS\System32\USER32.dll
0x00007fff53d70000 - 0x00007fff53d96000 	C:\WINDOWS\System32\win32u.dll
0x00007fff55e10000 - 0x00007fff55e39000 	C:\WINDOWS\System32\GDI32.dll
0x00007fff54120000 - 0x00007fff5423b000 	C:\WINDOWS\System32\gdi32full.dll
0x00007fff40910000 - 0x00007fff40ba2000 	C:\WINDOWS\WinSxS\amd64_microsoft.windows.common-controls_6595b64144ccf1df_6.0.22621.4391_none_2715d37f73803e96\COMCTL32.dll
0x00007fff53da0000 - 0x00007fff53e3a000 	C:\WINDOWS\System32\msvcp_win.dll
0x00007fff54f40000 - 0x00007fff54fe7000 	C:\WINDOWS\System32\msvcrt.dll
0x00007fff55a10000 - 0x00007fff55a41000 	C:\WINDOWS\System32\IMM32.DLL
0x00007fff32d70000 - 0x00007fff32d7c000 	C:\Program Files\Zulu\zulu-21\bin\vcruntime140_1.dll
0x00007ffeda7e0000 - 0x00007ffeda86e000 	C:\Program Files\Zulu\zulu-21\bin\msvcp140.dll
0x00007ffecd5f0000 - 0x00007ffece38a000 	C:\Program Files\Zulu\zulu-21\bin\server\jvm.dll
0x00007fff55000000 - 0x00007fff550b2000 	C:\WINDOWS\System32\ADVAPI32.dll
0x00007fff54e90000 - 0x00007fff54f37000 	C:\WINDOWS\System32\sechost.dll
0x00007fff53fb0000 - 0x00007fff53fd8000 	C:\WINDOWS\System32\bcrypt.dll
0x00007fff552f0000 - 0x00007fff55404000 	C:\WINDOWS\System32\RPCRT4.dll
0x00007fff56890000 - 0x00007fff56901000 	C:\WINDOWS\System32\WS2_32.dll
0x00007fff53b20000 - 0x00007fff53b6d000 	C:\WINDOWS\SYSTEM32\POWRPROF.dll
0x00007fff4d590000 - 0x00007fff4d5c4000 	C:\WINDOWS\SYSTEM32\WINMM.dll
0x00007fff485d0000 - 0x00007fff485da000 	C:\WINDOWS\SYSTEM32\VERSION.dll
0x00007fff53b00000 - 0x00007fff53b13000 	C:\WINDOWS\SYSTEM32\UMPDC.dll
0x00007fff52bf0000 - 0x00007fff52c08000 	C:\WINDOWS\SYSTEM32\kernel.appcore.dll
0x00007fff2e990000 - 0x00007fff2e99a000 	C:\Program Files\Zulu\zulu-21\bin\jimage.dll
0x00007fff50920000 - 0x00007fff50b52000 	C:\WINDOWS\SYSTEM32\DBGHELP.DLL
0x00007fff54670000 - 0x00007fff549ff000 	C:\WINDOWS\System32\combase.dll
0x00007fff566d0000 - 0x00007fff567a7000 	C:\WINDOWS\System32\OLEAUT32.dll
0x00007fff508e0000 - 0x00007fff50912000 	C:\WINDOWS\SYSTEM32\dbgcore.DLL
0x00007fff540a0000 - 0x00007fff5411b000 	C:\WINDOWS\System32\bcryptPrimitives.dll
0x00007fff2b510000 - 0x00007fff2b51f000 	C:\Program Files\Zulu\zulu-21\bin\instrument.dll
0x00007fff29b40000 - 0x00007fff29b5f000 	C:\Program Files\Zulu\zulu-21\bin\java.dll
0x00007fff55e40000 - 0x00007fff566b6000 	C:\WINDOWS\System32\SHELL32.dll
0x00007fff51b40000 - 0x00007fff52443000 	C:\WINDOWS\SYSTEM32\windows.storage.dll
0x00007fff51a00000 - 0x00007fff51b3f000 	C:\WINDOWS\SYSTEM32\wintypes.dll
0x00007fff55910000 - 0x00007fff55a09000 	C:\WINDOWS\System32\SHCORE.dll
0x00007fff55430000 - 0x00007fff5548e000 	C:\WINDOWS\System32\shlwapi.dll
0x00007fff53b80000 - 0x00007fff53bab000 	C:\WINDOWS\SYSTEM32\profapi.dll
0x00007ffeda700000 - 0x00007ffeda7d7000 	C:\Program Files\Zulu\zulu-21\bin\jsvml.dll
0x00007fff29130000 - 0x00007fff29148000 	C:\Program Files\Zulu\zulu-21\bin\zip.dll
0x00007fff2b2e0000 - 0x00007fff2b2f0000 	C:\Program Files\Zulu\zulu-21\bin\net.dll
0x00007fff4e030000 - 0x00007fff4e166000 	C:\WINDOWS\SYSTEM32\WINHTTP.dll
0x00007fff530c0000 - 0x00007fff53129000 	C:\WINDOWS\system32\mswsock.dll
0x00007fff25fd0000 - 0x00007fff25fe6000 	C:\Program Files\Zulu\zulu-21\bin\nio.dll
0x00007fff19f50000 - 0x00007fff19f6a000 	D:\IntelliJ IDEA Community Edition 2024.3\bin\breakgen64.dll
0x00007fff32e60000 - 0x00007fff32e69000 	C:\Program Files\Zulu\zulu-21\bin\extnet.dll
0x00007fff32e50000 - 0x00007fff32e5e000 	C:\Program Files\Zulu\zulu-21\bin\sunmscapi.dll
0x00007fff53e40000 - 0x00007fff53fa6000 	C:\WINDOWS\System32\CRYPT32.dll
0x00007fff53500000 - 0x00007fff5352d000 	C:\WINDOWS\SYSTEM32\ncrypt.dll
0x00007fff534c0000 - 0x00007fff534f7000 	C:\WINDOWS\SYSTEM32\NTASN1.dll

dbghelp: loaded successfully - version: 4.0.5 - missing functions: none
symbol engine: initialized successfully - sym options: 0x614 - pdb path: .;C:\Program Files\Zulu\zulu-21\bin;C:\WINDOWS\SYSTEM32;C:\WINDOWS\WinSxS\amd64_microsoft.windows.common-controls_6595b64144ccf1df_6.0.22621.4391_none_2715d37f73803e96;C:\Program Files\Zulu\zulu-21\bin\server;D:\IntelliJ IDEA Community Edition 2024.3\bin

VM Arguments:
jvm_args: -javaagent:D:\IntelliJ IDEA Community Edition 2024.3\lib\idea_rt.jar=9313:D:\IntelliJ IDEA Community Edition 2024.3\bin -Dfile.encoding=UTF-8 -Dsun.stdout.encoding=UTF-8 -Dsun.stderr.encoding=UTF-8 
java_command: hello.hello_spring.HelloSpringApplication
java_class_path (initial): C:\Users\±Ë∆Úº¡\Desktop\∆˙¥ı\CS\Ω∫«¡∏µ\1.Ω∫«¡∏µ ¿‘πÆ\hello-spring\hello-spring\out\production\classes;C:\Users\±Ë∆Úº¡\Desktop\∆˙¥ı\CS\Ω∫«¡∏µ\1.Ω∫«¡∏µ ¿‘πÆ\hello-spring\hello-spring\out\production\resources;C:\Users\±Ë∆Úº¡\.gradle\caches\modules-2\files-2.1\org.springframework.boot\spring-boot-starter-thymeleaf\3.3.5\5fa47cb90c1ff87b9273fcf01b56bff77810077e\spring-boot-starter-thymeleaf-3.3.5.jar;C:\Users\±Ë∆Úº¡\.gradle\caches\modules-2\files-2.1\org.springframework.boot\spring-boot-starter-web\3.3.5\51cc6cd5fb15f4eecfadea4ac689ed290e65c2cc\spring-boot-starter-web-3.3.5.jar;C:\Users\±Ë∆Úº¡\.gradle\caches\modules-2\files-2.1\org.springframework.boot\spring-boot-starter\3.3.5\16b7a9acf1918a8f763e871ada3794e9ffd4a980\spring-boot-starter-3.3.5.jar;C:\Users\±Ë∆Úº¡\.gradle\caches\modules-2\files-2.1\org.thymeleaf\thymeleaf-spring6\3.1.2.RELEASE\6030c7b4e260c41336f378e53da6e8531263f24b\thymeleaf-spring6-3.1.2.RELEASE.jar;C:\Users\±Ë∆Úº¡\.gradle\caches\modules-2\files-2.1\org.springframework.boot\spring-boot-starter-json\3.3.5\a92dd0bc808c9de278bc62bc37db4e409027657a\spring-boot-starter-json-3.3.5.jar;C:\Users\±Ë∆Úº¡\.gradle\caches\modules-2\files-2.1\org.springframework.boot\spring-boot-starter-tomcat\3.3.5\9fcf404e2efc06612af0c194e6d4f4162c6aac24\spring-boot-starter-tomcat-3.3.5.jar;C:\Users\±Ë∆Úº¡\.gradle\caches\modules-2\files-2.1\org.springframework\spring-webmvc\6.1.14\804478303aac6f91ea566efd4fef3dc06380528a\spring-webmvc-6.1.14.jar;C:\Users\±Ë∆Úº¡\.gradle\caches\modules-2\files-2.1\org.springframework\spring-web\6.1.14\b45eaad7df4f37ce224acdcb555a6a3dd5c246b2\spring-web-6.1.14.jar;C:\Users\±Ë∆Úº¡\.gradle\caches\modules-2\files-2.1\org.springframework.boot\spring-boot-autoconfigure\3.3.5\1efbbd46eeef054986796200313f4bb0d53a7268\spring-boot-autoconfigure-3.3.5.jar;C:\Users\±Ë∆Úº¡\.gradle\caches\modules-2\files-2.1\org.springframework.boot\spring-boot\3.3.5\1a0d1dc425d445503bd01c9aa3683aaebc524e3b\spring-boot-3.3.5.jar;C:\Users\±Ë∆Úº¡\.gradle\caches\modules-2\files-2.1\org.springframework.boot\spring-boot-starter-logging\3.3.5\de318d4baa64f02631accf51d708e906b304b4cc\spring-boot-starter-logging-3.3.5.jar;C:\Users\±Ë∆Úº¡\.gradle\caches\modules-2\files-2.1\jakarta.annotation\jakarta.annotation-api\2.1.1\48b9bda22b091b1f48b13af03fe36db3be6e1ae3\jakarta.annotation-api-2.1.1.jar;C:\Users\±Ë∆Úº¡\.gradle\caches\modules-2\files-2.1\org.springframework\spring-core\6.1.14\45d2d808015bf6c5411e457fa09e843042dc3a76\spring-core-6.1.14.jar;C:\Users\±Ë∆Úº¡\.gradle\caches\modules-2\files-2.1\org.yaml\snakeyaml\2.2\3af797a25458550a16bf89acc8e4ab2b7f2bfce0\snakeyaml-2.2.jar;C:\Users\±Ë∆Úº¡\.gradle\caches\modules-2\files-2.1\org.thymeleaf\thymeleaf\3.1.2.RELEASE\273997509a4c7aef86cee0521750140c587d9be2\thymeleaf-3.1.2.RELEASE.jar;C:\Users\±Ë∆Úº¡\.gradle\caches\modules-2\files-2.1\org.slf4j\slf4j-api\2.0.16\172931663a09a1fa515567af5fbef00897d3c04\slf4j-api-2.0.16.jar;C:\Users\±Ë∆Úº¡\.gradle\caches\modules-2\files-2.1\com.fasterxml.jackson.datatype\jackson-datatype-jsr310\2.17.2\267b85e9ba2892a37be6d80aa9ca1438a0d8c210\jackson-datatype-jsr310-2.17.2.jar;C:\Users\±Ë∆Úº¡\.gradle\caches\modules-2\files-2.1\com.fasterxml.jackson.module\jackson-module-parameter-names\2.17.2\d27b9f95ccce98984c1ba58d61c5a9c072b1ad95\jackson-module-parameter-names-2.17.2.jar;C:\Users\±Ë∆Úº¡\.gradle\caches\modules-2\files-2.1\com.fasterxml.jackson.datatype\jackson-datatype-jdk8\2.17.2\efd3dd0e1d0db8bc72abbe71c15e697bb83b4b45\jackson-datatype-jdk8-2.17.2.jar;C:\Users\±Ë∆Úº¡\.gradle\caches\modules-2\files-2.1\com.fasterxml.jackson.core\jackson-databind\2.17.2\e6deb029e5901e027c129341fac39e515066b68c\jackson-databind-2.17.2.jar;C:\Users\±Ë∆Úº¡\.gradle\caches\modules-2\files-2.1\org.apache.tomcat.embed\tomcat-embed-websocket\10.1.31\6f755a475e44ece496ae3402de0c6c2dbea63921\tomcat-embed-websocket-10.1.31.jar;C:\Users\±Ë∆Úº¡\.gradle\caches\modules-2\files-2.1\org.apache.tomcat.embed\tomcat-embed-core\10.1.31\a91cc0a95157228d9cccb1a9e8fb9c77c048c937\tomcat-embed-core-10.1.31.jar;C:\Users\±Ë∆Úº¡\.gradle\caches\modules-2\files-2.1\org.apache.tomcat.embed\tomcat-embed-el\10.1.31\ab21108d69bb42160eff7b905f606a1d0c21ae67\tomcat-embed-el-10.1.31.jar;C:\Users\±Ë∆Úº¡\.gradle\caches\modules-2\files-2.1\org.springframework\spring-context\6.1.14\b3d96fb4310376a608465c3544b7cfb790293787\spring-context-6.1.14.jar;C:\Users\±Ë∆Úº¡\.gradle\caches\modules-2\files-2.1\org.springframework\spring-aop\6.1.14\3d5002d4c415c1ff4720f214c804d3d7e7d10111\spring-aop-6.1.14.jar;C:\Users\±Ë∆Úº¡\.gradle\caches\modules-2\files-2.1\org.springframework\spring-beans\6.1.14\be71b919145e20fb7f38c81467d7d0f1c09ad1bd\spring-beans-6.1.14.jar;C:\Users\±Ë∆Úº¡\.gradle\caches\modules-2\files-2.1\org.springframework\spring-expression\6.1.14\495646d4968fb90aa97bc05a7d298d0c32898a1d\spring-expression-6.1.14.jar;C:\Users\±Ë∆Úº¡\.gradle\caches\modules-2\files-2.1\io.micrometer\micrometer-observation\1.13.6\8650b5372db17587f1271cd130beafa93d7eb573\micrometer-observation-1.13.6.jar;C:\Users\±Ë∆Úº¡\.gradle\caches\modules-2\files-2.1\ch.qos.logback\logback-classic\1.5.11\c4473fb51fea6682ad477cf3c2206b8b9623b9d8\logback-classic-1.5.11.jar;C:\Users\±Ë∆Úº¡\.gradle\caches\modules-2\files-2.1\org.apache.logging.log4j\log4j-to-slf4j\2.23.1\425ad1eb8a39904d2830e907a324e956fb456520\log4j-to-slf4j-2.23.1.jar;C:\Users\±Ë∆Úº¡\.gradle\caches\modules-2\files-2.1\org.slf4j\jul-to-slf4j\2.0.16\6d57da3e961daac65bcca0dd3def6cd11e48a24a\jul-to-slf4j-2.0.16.jar;C:\Users\±Ë∆Úº¡\.gradle\caches\modules-2\files-2.1\org.springframework\spring-jcl\6.1.14\842b2b24a375efd79af436860d22ba4e0082ff4b\spring-jcl-6.1.14.jar;C:\Users\±Ë∆Úº¡\.gradle\caches\modules-2\files-2.1\org.attoparser\attoparser\2.0.7.RELEASE\e5d0e988d9124139d645bb5872b24dfa23e283cc\attoparser-2.0.7.RELEASE.jar;C:\Users\±Ë∆Úº¡\.gradle\caches\modules-2\files-2.1\org.unbescape\unbescape\1.1.6.RELEASE\7b90360afb2b860e09e8347112800d12c12b2a13\unbescape-1.1.6.RELEASE.jar;C:\Users\±Ë∆Úº¡\.gradle\caches\modules-2\files-2.1\com.fasterxml.jackson.core\jackson-annotations\2.17.2\147b7b9412ffff24339f8aba080b292448e08698\jackson-annotations-2.17.2.jar;C:\Users\±Ë∆Úº¡\.gradle\caches\modules-2\files-2.1\com.fasterxml.jackson.core\jackson-core\2.17.2\969a35cb35c86512acbadcdbbbfb044c877db814\jackson-core-2.17.2.jar;C:\Users\±Ë∆Úº¡\.gradle\caches\modules-2\files-2.1\io.micrometer\micrometer-commons\1.13.6\224f398df08315a8f9cda21fcb4f062d24da4a49\micrometer-commons-1.13.6.jar;C:\Users\±Ë∆Úº¡\.gradle\caches\modules-2\files-2.1\ch.qos.logback\logback-core\1.5.11\727bdb8dc75b6c392f9be56224503948abc248e8\logback-core-1.5.11.jar;C:\Users\±Ë∆Úº¡\.gradle\caches\modules-2\files-2.1\org.apache.logging.log4j\log4j-api\2.23.1\9c15c29c526d9c6783049c0a77722693c66706e1\log4j-api-2.23.1.jar
Launcher Type: SUN_STANDARD

[Global flags]
     intx CICompilerCount                          = 4                                         {product} {ergonomic}
     uint ConcGCThreads                            = 3                                         {product} {ergonomic}
     uint G1ConcRefinementThreads                  = 10                                        {product} {ergonomic}
   size_t G1HeapRegionSize                         = 1048576                                   {product} {ergonomic}
    uintx GCDrainStackTargetSize                   = 64                                        {product} {ergonomic}
   size_t InitialHeapSize                          = 115343360                                 {product} {ergonomic}
   size_t MarkStackSize                            = 4194304                                   {product} {ergonomic}
   size_t MaxHeapSize                              = 1832910848                                {product} {ergonomic}
   size_t MaxNewSize                               = 1098907648                                {product} {ergonomic}
   size_t MinHeapDeltaBytes                        = 1048576                                   {product} {ergonomic}
   size_t MinHeapSize                              = 8388608                                   {product} {ergonomic}
    uintx NonNMethodCodeHeapSize                   = 5839372                                {pd product} {ergonomic}
    uintx NonProfiledCodeHeapSize                  = 122909434                              {pd product} {ergonomic}
    uintx ProfiledCodeHeapSize                     = 122909434                              {pd product} {ergonomic}
    uintx ReservedCodeCacheSize                    = 251658240                              {pd product} {ergonomic}
     bool SegmentedCodeCache                       = true                                      {product} {ergonomic}
   size_t SoftMaxHeapSize                          = 1832910848                             {manageable} {ergonomic}
     bool UseCompressedOops                        = true                           {product lp64_product} {ergonomic}
     bool UseG1GC                                  = true                                      {product} {ergonomic}
     bool UseLargePagesIndividualAllocation        = false                                  {pd product} {ergonomic}

Logging:
Log output configuration:
 #0: stdout all=warning uptime,level,tags foldmultilines=false
 #1: stderr all=off uptime,level,tags foldmultilines=false

Environment Variables:
PATH=C:\Program Files\Zulu\zulu-21\bin\;C:\WINDOWS\system32;C:\WINDOWS;C:\WINDOWS\System32\Wbem;C:\WINDOWS\System32\WindowsPowerShell\v1.0\;C:\WINDOWS\System32\OpenSSH\;C:\Program Files\Git\cmd;C:\Program Files\Docker\Docker\resources\bin;C:\Users\±Ë∆Úº¡\AppData\Local\Programs\Python\Python311\Scripts\;C:\Users\±Ë∆Úº¡\AppData\Local\Programs\Python\Python311\;C:\Users\±Ë∆Úº¡\AppData\Local\Programs\Python\Python312\Scripts\;C:\Users\±Ë∆Úº¡\AppData\Local\Programs\Python\Python312\;C:\Users\±Ë∆Úº¡\AppData\Local\Programs\Python\Launcher\;C:\Users\±Ë∆Úº¡\AppData\Local\Microsoft\WindowsApps;C:\Users\±Ë∆Úº¡\AppData\Local\Programs\Microsoft VS Code\bin;C:\Users\±Ë∆Úº¡\AppData\Local\GitHubDesktop\bin;C:\Program Files\Git\bin;C:\Users\±Ë∆Úº¡\AppData\Local\Google\Cloud SDK\google-cloud-sdk\bin;D:\ffmpeg-2024-08-15-git-1f801dfdb5-full_build\ffmpeg-2024-08-15-git-1f801dfdb5-full_build\bin;C:\Program Files\Zulu\zulu-21\bin;
USERNAME=±Ë∆Úº¡
OS=Windows_NT
PROCESSOR_IDENTIFIER=AMD64 Family 25 Model 80 Stepping 0, AuthenticAMD
TMP=C:\Users\±Ë∆Úº¡\AppData\Local\Temp
TEMP=C:\Users\±Ë∆Úº¡\AppData\Local\Temp




Periodic native trim disabled

---------------  S Y S T E M  ---------------

OS:
 Windows 11 , 64 bit Build 22621 (10.0.22621.4391)
OS uptime: 0 days 12:05 hours
Hyper-V role detected

CPU: total 12 (initial active 12) (12 cores per cpu, 2 threads per core) family 25 model 80 stepping 0 microcode 0x0, cx8, cmov, fxsr, ht, mmx, 3dnowpref, sse, sse2, sse3, ssse3, sse4a, sse4.1, sse4.2, popcnt, lzcnt, tsc, tscinvbit, avx, avx2, aes, erms, clmul, bmi1, bmi2, adx, sha, fma, vzeroupper, clflush, clflushopt, hv, rdtscp, rdpid, fsrm, f16c, cet_ss
Processor Information for processor 0
  Max Mhz: 2301, Current Mhz: 1990, Mhz Limit: 2301
Processor Information for processor 1
  Max Mhz: 2301, Current Mhz: 2301, Mhz Limit: 2301
Processor Information for processor 2
  Max Mhz: 2301, Current Mhz: 2301, Mhz Limit: 2301
Processor Information for processor 3
  Max Mhz: 2301, Current Mhz: 1990, Mhz Limit: 2301
Processor Information for processor 4
  Max Mhz: 2301, Current Mhz: 1990, Mhz Limit: 2301
Processor Information for processor 5
  Max Mhz: 2301, Current Mhz: 2301, Mhz Limit: 2301
Processor Information for processor 6
  Max Mhz: 2301, Current Mhz: 1990, Mhz Limit: 2301
Processor Information for processor 7
  Max Mhz: 2301, Current Mhz: 2301, Mhz Limit: 2301
Processor Information for processor 8
  Max Mhz: 2301, Current Mhz: 1990, Mhz Limit: 2301
Processor Information for processor 9
  Max Mhz: 2301, Current Mhz: 2301, Mhz Limit: 2301
Processor Information for processor 10
  Max Mhz: 2301, Current Mhz: 2301, Mhz Limit: 2301
Processor Information for processor 11
  Max Mhz: 2301, Current Mhz: 1990, Mhz Limit: 2301

Memory: 4k page, system-wide physical 6990M (417M free)
TotalPageFile size 18125M (AvailPageFile size 0M)
current process WorkingSet (physical memory assigned to process): 128M, peak: 128M
current process commit charge ("private bytes"): 242M, peak: 243M

vm_info: OpenJDK 64-Bit Server VM (21.0.4+7-LTS) for windows-amd64 JRE (21.0.4+7-LTS) (Zulu21.36+17-CA), built on 2024-07-09T22:03:30Z by "zulu_re" with MS VC++ 17.1 (VS2022)

END.
